~~~~~~~~~~~~~~~~~~~~~~~~~~~~~~~~~~~~~~~~~~~~~~~~~~~~~~~~~~~~~~~~~~~~~~~~~~~~~~~~~~~~~~~~~~~~~~~~~~~~
This program will stack individual spectra that meet certain criteria
and have entries in both the flux catalog and photometric catalog.
THIS CODE IS IN DEVELOPMENT.
~~~~~~~~~~~~~~~~~~~~~~~~~~~~~~~~~~~~~~~~~~~~~~~~~~~~~~~~~~~~~~~~~~~~~~~~~~~~~~~~~~~~~~~~~~~~~~~~~~~~


Review of options called and arguments given to this script:
~~~~~~~~~~~~~~~~~~~~~~~~~~~~~~~~~~~~~~~~~~~~~~~~~~~~~~~~~~~~~~~~~~~~~~~~~~~~~~~~

Options:
-> SLC Table:  None
-> Dust Correct:  False
-> Multiple Images:  False
-> Include Stacks:  False
-> Path to parent directory of spectra to stack:  /Users/chrismac/python/stack_spectra/LRIS

Arguments:
-> Flux Table:  fluxfaint.fits
-> Normalize By:  Lum_Density
---> Luminosity density taken at wavelength 1700 Angstroms
-> Stacking Method:  weighted-average
-> Stacking Sample Table:  fluxfaint.fits


The path and current working directory are:  /Users/chrismac/python/stack_spectra
The path with the mask sub-directories is:  /Users/chrismac/python/stack_spectra/LRIS/

The following masks will have any appropriate associated spectra stacked:

A1689_1
M0717_1
M0717_2_new
M0717_3
M1149_1
M1149_2
M1149_3
a1689_3
a1689_4
a1689_6
a1689_z1_1

If you are including in this stacking procedure previously made stacks for multiply-imaged galaxies,
they should be in, and will be pulled from, the directory: /Users/chrismac/python/stack_spectra/mult_img_stacks/


Reading in extension 1 of FITS file fluxfaint.fits and copying table
File located at: /Users/chrismac/python/stack_spectra/


Reading in extension 1 of FITS file fluxfaint.fits and copying table
File located at: /Users/chrismac/python/stack_spectra/

/Users/chrismac/python/stack_spectra/LRIS/A1689_1/error_spectra_corrected/slit_loss_corrected/
Checking to see if 10012_for_stack.fits corresponds to a galaxy to be stacked: 
<class 'int'>
10012
<class 'numpy.float64'>
True

Checking to see if 1014_for_stack.fits corresponds to a galaxy to be stacked: 
<class 'int'>
1014
<class 'numpy.float64'>
True

Checking to see if 1034_for_stack.fits corresponds to a galaxy to be stacked: 
<class 'int'>
1034
<class 'numpy.float64'>
True

Checking to see if 1098_M1149_slitcorr.fits corresponds to a galaxy to be stacked: 
<class 'int'>
1098
<class 'numpy.float64'>
True

Checking to see if 1197_A1689_slitcorr.fits corresponds to a galaxy to be stacked: 
<class 'int'>
1197
<class 'numpy.float64'>
True

Checking to see if 1337_for_stack.fits corresponds to a galaxy to be stacked: 
<class 'int'>
1337
<class 'numpy.float64'>
True

Checking to see if 1467_for_stack.fits corresponds to a galaxy to be stacked: 
<class 'int'>
1467
<class 'numpy.float64'>
True

Checking to see if 1637_for_stack.fits corresponds to a galaxy to be stacked: 
<class 'int'>
1637
<class 'numpy.float64'>
True

Checking to see if 1689_for_stack.fits corresponds to a galaxy to be stacked: 
<class 'int'>
1689
<class 'numpy.float64'>
True

Checking to see if 1721_M1149_slitcorr.fits corresponds to a galaxy to be stacked: 
<class 'int'>
1721
<class 'numpy.float64'>
True

Checking to see if 1751_for_stack.fits corresponds to a galaxy to be stacked: 
<class 'int'>
1751
<class 'numpy.float64'>
True

Checking to see if 1829_for_stack.fits corresponds to a galaxy to be stacked: 
<class 'int'>
1829
<class 'numpy.float64'>
True

Checking to see if 2067_M1149_slitcorr.fits corresponds to a galaxy to be stacked: 
<class 'int'>
2067
<class 'numpy.float64'>
True

Checking to see if 213_M1149_slitcorr.fits corresponds to a galaxy to be stacked: 
<class 'int'>
213
<class 'numpy.float64'>
False

Checking to see if 2223_for_stack.fits corresponds to a galaxy to be stacked: 
<class 'int'>
2223
<class 'numpy.float64'>
False

Checking to see if 2331_M1149_slitcorr.fits corresponds to a galaxy to be stacked: 
<class 'int'>
2331
<class 'numpy.float64'>
False

Checking to see if 257_A1689_slitcorr.fits corresponds to a galaxy to be stacked: 
<class 'int'>
257
<class 'numpy.float64'>
True

Checking to see if 2614_M1149_slitcorr.fits corresponds to a galaxy to be stacked: 
<class 'int'>
2614
<class 'numpy.float64'>
False

Checking to see if 2698_for_stack.fits corresponds to a galaxy to be stacked: 
<class 'int'>
2698
<class 'numpy.float64'>
True

Checking to see if 280_A1689_slitcorr.fits corresponds to a galaxy to be stacked: 
<class 'int'>
280
<class 'numpy.float64'>
True

Checking to see if 2821_M0717_slitcorr.fits corresponds to a galaxy to be stacked: 
<class 'int'>
2821
<class 'numpy.float64'>
True

Checking to see if 30003_for_stack.fits corresponds to a galaxy to be stacked: 
<class 'int'>
30003
<class 'numpy.float64'>
True

Checking to see if 345_A1689_slitcorr.fits corresponds to a galaxy to be stacked: 
<class 'int'>
345
<class 'numpy.float64'>
True

Checking to see if 40011_for_stack.fits corresponds to a galaxy to be stacked: 
<class 'int'>
40011
<class 'numpy.float64'>
True

Checking to see if 454_for_stack.fits corresponds to a galaxy to be stacked: 
<class 'int'>
454
<class 'numpy.float64'>
False

Checking to see if 470_for_stack.fits corresponds to a galaxy to be stacked: 
<class 'int'>
470
<class 'numpy.float64'>
True

Checking to see if 523_for_stack.fits corresponds to a galaxy to be stacked: 
<class 'int'>
523
<class 'numpy.float64'>
True

Checking to see if 537_for_stack.fits corresponds to a galaxy to be stacked: 
<class 'int'>
537
<class 'numpy.float64'>
True

Checking to see if 539_for_stack.fits corresponds to a galaxy to be stacked: 
<class 'int'>
539
<class 'numpy.float64'>
True

/Users/chrismac/python/stack_spectra/LRIS/M0717_1/error_spectra_corrected/slit_loss_corrected/
/Users/chrismac/python/stack_spectra/LRIS/M0717_2_new/error_spectra_corrected/slit_loss_corrected/
/Users/chrismac/python/stack_spectra/LRIS/M0717_3/error_spectra_corrected/slit_loss_corrected/
/Users/chrismac/python/stack_spectra/LRIS/M1149_1/error_spectra_corrected/slit_loss_corrected/
/Users/chrismac/python/stack_spectra/LRIS/M1149_2/error_spectra_corrected/slit_loss_corrected/
/Users/chrismac/python/stack_spectra/LRIS/M1149_3/error_spectra_corrected/slit_loss_corrected/
/Users/chrismac/python/stack_spectra/LRIS/a1689_3/error_spectra_corrected/slit_loss_corrected/
/Users/chrismac/python/stack_spectra/LRIS/a1689_4/error_spectra_corrected/slit_loss_corrected/
/Users/chrismac/python/stack_spectra/LRIS/a1689_6/error_spectra_corrected/slit_loss_corrected/
/Users/chrismac/python/stack_spectra/LRIS/a1689_z1_1/error_spectra_corrected/slit_loss_corrected/
                                                fpath     mask       id     filt
0   /Users/chrismac/python/stack_spectra/LRIS/A168...  A1689_1  10012.0  rest_UV
1   /Users/chrismac/python/stack_spectra/LRIS/A168...  A1689_1   1014.0  rest_UV
2   /Users/chrismac/python/stack_spectra/LRIS/A168...  A1689_1   1034.0  rest_UV
3   /Users/chrismac/python/stack_spectra/LRIS/A168...  A1689_1   1098.0  rest_UV
4   /Users/chrismac/python/stack_spectra/LRIS/A168...  A1689_1   1197.0  rest_UV
5   /Users/chrismac/python/stack_spectra/LRIS/A168...  A1689_1   1337.0  rest_UV
6   /Users/chrismac/python/stack_spectra/LRIS/A168...  A1689_1   1467.0  rest_UV
7   /Users/chrismac/python/stack_spectra/LRIS/A168...  A1689_1   1637.0  rest_UV
8   /Users/chrismac/python/stack_spectra/LRIS/A168...  A1689_1   1689.0  rest_UV
9   /Users/chrismac/python/stack_spectra/LRIS/A168...  A1689_1   1721.0  rest_UV
10  /Users/chrismac/python/stack_spectra/LRIS/A168...  A1689_1   1751.0  rest_UV
11  /Users/chrismac/python/stack_spectra/LRIS/A168...  A1689_1   1829.0  rest_UV
12  /Users/chrismac/python/stack_spectra/LRIS/A168...  A1689_1   2067.0  rest_UV
13  /Users/chrismac/python/stack_spectra/LRIS/A168...  A1689_1    257.0  rest_UV
14  /Users/chrismac/python/stack_spectra/LRIS/A168...  A1689_1   2698.0  rest_UV
15  /Users/chrismac/python/stack_spectra/LRIS/A168...  A1689_1    280.0  rest_UV
16  /Users/chrismac/python/stack_spectra/LRIS/A168...  A1689_1   2821.0  rest_UV
17  /Users/chrismac/python/stack_spectra/LRIS/A168...  A1689_1  30003.0  rest_UV
18  /Users/chrismac/python/stack_spectra/LRIS/A168...  A1689_1    345.0  rest_UV
19  /Users/chrismac/python/stack_spectra/LRIS/A168...  A1689_1  40011.0  rest_UV
20  /Users/chrismac/python/stack_spectra/LRIS/A168...  A1689_1    470.0  rest_UV
21  /Users/chrismac/python/stack_spectra/LRIS/A168...  A1689_1    523.0  rest_UV
22  /Users/chrismac/python/stack_spectra/LRIS/A168...  A1689_1    537.0  rest_UV
23  /Users/chrismac/python/stack_spectra/LRIS/A168...  A1689_1    539.0  rest_UV



Number of galaxies that should be stacked:  24
Number of galaxies with spectral data found:  24

~~~~~~~~~~~~~~~~~~~~~~~~~~~~~~~~~~~~~~~~~~~~~~~~~~~~~~~~~~~~~~~~~~~~~~~~~~~~~~~~~~~~~~~~~~~~~~~~~~~~~~~~~~~~~~~~~

--> Preparing spectrum in file 10012_for_stack.fits for resampling...

Mask:  A1689_1
ID:  10012.0
Filter:  rest_UV

Spectral feature by which the spectrum will be normalized:  Lum_Density
<class 'numpy.bool_'>
10012
[  257.   280.   345.   470.   523.   537.   539.  1014.  1034.  1098.
  1197.  1337.  1467.  1637.  1689.  1721.  1751.  1829.  2067.  2698.
  2821. 10012. 30003. 40011.]
['A1689_1' 'A1689_1' 'A1689_1' 'A1689_1' 'A1689_1' 'A1689_1' 'A1689_1'
 'A1689_1' 'A1689_1' 'A1689_1' 'A1689_1' 'A1689_1' 'A1689_1' 'A1689_1'
 'A1689_1' 'A1689_1' 'A1689_1' 'A1689_1' 'A1689_1' 'A1689_1' 'A1689_1'
 'A1689_1' 'A1689_1' 'A1689_1']
happened
21
A1689_1 10012.0
Measured continuum luminosity density at 1700 Angstroms:  5.58420e-30

-> Shifting from observed wavelengths to rest wavelengths...
Object lies at z = 2.3571
()
Rest-wavelengths calculated.
()
-> Converting from flux to luminosity...
Luminosities and fluxes here are densities per unit WAVELENGTH

Object lies at z = 2.3571
()
Cosmological parameters (z=0) to be used in luminosity distance calculations:
H = 70.0 km / (Mpc s)
O(matter) = 0.3
O(darkenergy) = 0.699914749669108
O(baryon) = 0.05
T(CMB) = 2.725 K
()
The luminosity distance to the galaxy (in Mpc): 18985.514890437993
The luminosity distance to the galaxy (in cm): 5.858929895189164e+28
()
Conversion complete.
()
-> Normalizing the spectrum by the continuum luminosity density at 1700 Angstroms ...

Spectrum normalized and error spectrum propogated

-> Writing spectrum parameters to PANDAS DataFrame of sample parameters to be considered later...
-> Plotting original spectrum shifted to rest-frame, rest-frame luminosity spectrum, and rest-frame normalized luminosity spectrum...
-> Saving spectrum to a file to be accessed later...

A1689_1.rest_UV.10012.rest-frame.lum.norm-lum.not-resampled.txt written!



--> Preparing spectrum in file 1014_for_stack.fits for resampling...

Mask:  A1689_1
ID:  1014.0
Filter:  rest_UV

Spectral feature by which the spectrum will be normalized:  Lum_Density
<class 'numpy.bool_'>
1014
[  257.   280.   345.   470.   523.   537.   539.  1014.  1034.  1098.
  1197.  1337.  1467.  1637.  1689.  1721.  1751.  1829.  2067.  2698.
  2821. 10012. 30003. 40011.]
['A1689_1' 'A1689_1' 'A1689_1' 'A1689_1' 'A1689_1' 'A1689_1' 'A1689_1'
 'A1689_1' 'A1689_1' 'A1689_1' 'A1689_1' 'A1689_1' 'A1689_1' 'A1689_1'
 'A1689_1' 'A1689_1' 'A1689_1' 'A1689_1' 'A1689_1' 'A1689_1' 'A1689_1'
 'A1689_1' 'A1689_1' 'A1689_1']
happened
7
A1689_1 1014.0
Measured continuum luminosity density at 1700 Angstroms:  3.95480e-30

-> Shifting from observed wavelengths to rest wavelengths...
Object lies at z = 1.6003
()
Rest-wavelengths calculated.
()
-> Converting from flux to luminosity...
Luminosities and fluxes here are densities per unit WAVELENGTH

Object lies at z = 1.6003
()
Cosmological parameters (z=0) to be used in luminosity distance calculations:
H = 70.0 km / (Mpc s)
O(matter) = 0.3
O(darkenergy) = 0.699914749669108
O(baryon) = 0.05
T(CMB) = 2.725 K
()
The luminosity distance to the galaxy (in Mpc): 11814.655109847296
The luminosity distance to the galaxy (in cm): 3.646002566898875e+28
()
Conversion complete.
()
-> Normalizing the spectrum by the continuum luminosity density at 1700 Angstroms ...

Spectrum normalized and error spectrum propogated

-> Writing spectrum parameters to PANDAS DataFrame of sample parameters to be considered later...
-> Plotting original spectrum shifted to rest-frame, rest-frame luminosity spectrum, and rest-frame normalized luminosity spectrum...
-> Saving spectrum to a file to be accessed later...

A1689_1.rest_UV.1014.rest-frame.lum.norm-lum.not-resampled.txt written!



--> Preparing spectrum in file 1034_for_stack.fits for resampling...

Mask:  A1689_1
ID:  1034.0
Filter:  rest_UV

Spectral feature by which the spectrum will be normalized:  Lum_Density
<class 'numpy.bool_'>
1034
[  257.   280.   345.   470.   523.   537.   539.  1014.  1034.  1098.
  1197.  1337.  1467.  1637.  1689.  1721.  1751.  1829.  2067.  2698.
  2821. 10012. 30003. 40011.]
['A1689_1' 'A1689_1' 'A1689_1' 'A1689_1' 'A1689_1' 'A1689_1' 'A1689_1'
 'A1689_1' 'A1689_1' 'A1689_1' 'A1689_1' 'A1689_1' 'A1689_1' 'A1689_1'
 'A1689_1' 'A1689_1' 'A1689_1' 'A1689_1' 'A1689_1' 'A1689_1' 'A1689_1'
 'A1689_1' 'A1689_1' 'A1689_1']
happened
8
A1689_1 1034.0
Measured continuum luminosity density at 1700 Angstroms:  2.26320e-30

-> Shifting from observed wavelengths to rest wavelengths...
Object lies at z = 2.44
()
Rest-wavelengths calculated.
()
-> Converting from flux to luminosity...
Luminosities and fluxes here are densities per unit WAVELENGTH

Object lies at z = 2.44
()
Cosmological parameters (z=0) to be used in luminosity distance calculations:
H = 70.0 km / (Mpc s)
O(matter) = 0.3
O(darkenergy) = 0.699914749669108
O(baryon) = 0.05
T(CMB) = 2.725 K
()
The luminosity distance to the galaxy (in Mpc): 19799.989681190822
The luminosity distance to the galaxy (in cm): 6.110276815615487e+28
()
Conversion complete.
()
-> Normalizing the spectrum by the continuum luminosity density at 1700 Angstroms ...

Spectrum normalized and error spectrum propogated

-> Writing spectrum parameters to PANDAS DataFrame of sample parameters to be considered later...
-> Plotting original spectrum shifted to rest-frame, rest-frame luminosity spectrum, and rest-frame normalized luminosity spectrum...
-> Saving spectrum to a file to be accessed later...

A1689_1.rest_UV.1034.rest-frame.lum.norm-lum.not-resampled.txt written!



--> Preparing spectrum in file 1098_M1149_slitcorr.fits for resampling...

Mask:  A1689_1
ID:  1098.0
Filter:  rest_UV

Spectral feature by which the spectrum will be normalized:  Lum_Density
<class 'numpy.bool_'>
1098
[  257.   280.   345.   470.   523.   537.   539.  1014.  1034.  1098.
  1197.  1337.  1467.  1637.  1689.  1721.  1751.  1829.  2067.  2698.
  2821. 10012. 30003. 40011.]
['A1689_1' 'A1689_1' 'A1689_1' 'A1689_1' 'A1689_1' 'A1689_1' 'A1689_1'
 'A1689_1' 'A1689_1' 'A1689_1' 'A1689_1' 'A1689_1' 'A1689_1' 'A1689_1'
 'A1689_1' 'A1689_1' 'A1689_1' 'A1689_1' 'A1689_1' 'A1689_1' 'A1689_1'
 'A1689_1' 'A1689_1' 'A1689_1']
happened
9
A1689_1 1098.0
Measured continuum luminosity density at 1700 Angstroms:  8.22480e-30

-> Shifting from observed wavelengths to rest wavelengths...
Object lies at z = 1.8933
()
Rest-wavelengths calculated.
()
-> Converting from flux to luminosity...
Luminosities and fluxes here are densities per unit WAVELENGTH

Object lies at z = 1.8933
()
Cosmological parameters (z=0) to be used in luminosity distance calculations:
H = 70.0 km / (Mpc s)
O(matter) = 0.3
O(darkenergy) = 0.699914749669108
O(baryon) = 0.05
T(CMB) = 2.725 K
()
The luminosity distance to the galaxy (in Mpc): 14527.685150255586
The luminosity distance to the galaxy (in cm): 4.4832436373688735e+28
()
Conversion complete.
()
-> Normalizing the spectrum by the continuum luminosity density at 1700 Angstroms ...

Spectrum normalized and error spectrum propogated

-> Writing spectrum parameters to PANDAS DataFrame of sample parameters to be considered later...
-> Plotting original spectrum shifted to rest-frame, rest-frame luminosity spectrum, and rest-frame normalized luminosity spectrum...
-> Saving spectrum to a file to be accessed later...

A1689_1.rest_UV.1098.rest-frame.lum.norm-lum.not-resampled.txt written!



--> Preparing spectrum in file 1197_A1689_slitcorr.fits for resampling...

Mask:  A1689_1
ID:  1197.0
Filter:  rest_UV

Spectral feature by which the spectrum will be normalized:  Lum_Density
<class 'numpy.bool_'>
1197
[  257.   280.   345.   470.   523.   537.   539.  1014.  1034.  1098.
  1197.  1337.  1467.  1637.  1689.  1721.  1751.  1829.  2067.  2698.
  2821. 10012. 30003. 40011.]
['A1689_1' 'A1689_1' 'A1689_1' 'A1689_1' 'A1689_1' 'A1689_1' 'A1689_1'
 'A1689_1' 'A1689_1' 'A1689_1' 'A1689_1' 'A1689_1' 'A1689_1' 'A1689_1'
 'A1689_1' 'A1689_1' 'A1689_1' 'A1689_1' 'A1689_1' 'A1689_1' 'A1689_1'
 'A1689_1' 'A1689_1' 'A1689_1']
happened
10
A1689_1 1197.0
Measured continuum luminosity density at 1700 Angstroms:  1.03660e-29

-> Shifting from observed wavelengths to rest wavelengths...
Object lies at z = 1.7026
()
Rest-wavelengths calculated.
()
-> Converting from flux to luminosity...
Luminosities and fluxes here are densities per unit WAVELENGTH

Object lies at z = 1.7026
()
Cosmological parameters (z=0) to be used in luminosity distance calculations:
H = 70.0 km / (Mpc s)
O(matter) = 0.3
O(darkenergy) = 0.699914749669108
O(baryon) = 0.05
T(CMB) = 2.725 K
()
The luminosity distance to the galaxy (in Mpc): 12751.431382266854
The luminosity distance to the galaxy (in cm): 3.9350917245675507e+28
()
Conversion complete.
()
-> Normalizing the spectrum by the continuum luminosity density at 1700 Angstroms ...

Spectrum normalized and error spectrum propogated

-> Writing spectrum parameters to PANDAS DataFrame of sample parameters to be considered later...
-> Plotting original spectrum shifted to rest-frame, rest-frame luminosity spectrum, and rest-frame normalized luminosity spectrum...
-> Saving spectrum to a file to be accessed later...

A1689_1.rest_UV.1197.rest-frame.lum.norm-lum.not-resampled.txt written!



--> Preparing spectrum in file 1337_for_stack.fits for resampling...

Mask:  A1689_1
ID:  1337.0
Filter:  rest_UV

Spectral feature by which the spectrum will be normalized:  Lum_Density
<class 'numpy.bool_'>
1337
[  257.   280.   345.   470.   523.   537.   539.  1014.  1034.  1098.
  1197.  1337.  1467.  1637.  1689.  1721.  1751.  1829.  2067.  2698.
  2821. 10012. 30003. 40011.]
['A1689_1' 'A1689_1' 'A1689_1' 'A1689_1' 'A1689_1' 'A1689_1' 'A1689_1'
 'A1689_1' 'A1689_1' 'A1689_1' 'A1689_1' 'A1689_1' 'A1689_1' 'A1689_1'
 'A1689_1' 'A1689_1' 'A1689_1' 'A1689_1' 'A1689_1' 'A1689_1' 'A1689_1'
 'A1689_1' 'A1689_1' 'A1689_1']
happened
11
A1689_1 1337.0
Measured continuum luminosity density at 1700 Angstroms:  8.30360e-30

-> Shifting from observed wavelengths to rest wavelengths...
Object lies at z = 2.6398
()
Rest-wavelengths calculated.
()
-> Converting from flux to luminosity...
Luminosities and fluxes here are densities per unit WAVELENGTH

Object lies at z = 2.6398
()
Cosmological parameters (z=0) to be used in luminosity distance calculations:
H = 70.0 km / (Mpc s)
O(matter) = 0.3
O(darkenergy) = 0.699914749669108
O(baryon) = 0.05
T(CMB) = 2.725 K
()
The luminosity distance to the galaxy (in Mpc): 21782.14254600779
The luminosity distance to the galaxy (in cm): 6.721969189698004e+28
()
Conversion complete.
()
-> Normalizing the spectrum by the continuum luminosity density at 1700 Angstroms ...

Spectrum normalized and error spectrum propogated

-> Writing spectrum parameters to PANDAS DataFrame of sample parameters to be considered later...
-> Plotting original spectrum shifted to rest-frame, rest-frame luminosity spectrum, and rest-frame normalized luminosity spectrum...
-> Saving spectrum to a file to be accessed later...

A1689_1.rest_UV.1337.rest-frame.lum.norm-lum.not-resampled.txt written!



--> Preparing spectrum in file 1467_for_stack.fits for resampling...

Mask:  A1689_1
ID:  1467.0
Filter:  rest_UV

Spectral feature by which the spectrum will be normalized:  Lum_Density
<class 'numpy.bool_'>
1467
[  257.   280.   345.   470.   523.   537.   539.  1014.  1034.  1098.
  1197.  1337.  1467.  1637.  1689.  1721.  1751.  1829.  2067.  2698.
  2821. 10012. 30003. 40011.]
['A1689_1' 'A1689_1' 'A1689_1' 'A1689_1' 'A1689_1' 'A1689_1' 'A1689_1'
 'A1689_1' 'A1689_1' 'A1689_1' 'A1689_1' 'A1689_1' 'A1689_1' 'A1689_1'
 'A1689_1' 'A1689_1' 'A1689_1' 'A1689_1' 'A1689_1' 'A1689_1' 'A1689_1'
 'A1689_1' 'A1689_1' 'A1689_1']
happened
12
A1689_1 1467.0
Measured continuum luminosity density at 1700 Angstroms:  1.39080e-30

-> Shifting from observed wavelengths to rest wavelengths...
Object lies at z = 2.519
()
Rest-wavelengths calculated.
()
-> Converting from flux to luminosity...
Luminosities and fluxes here are densities per unit WAVELENGTH

Object lies at z = 2.519
()
Cosmological parameters (z=0) to be used in luminosity distance calculations:
H = 70.0 km / (Mpc s)
O(matter) = 0.3
O(darkenergy) = 0.699914749669108
O(baryon) = 0.05
T(CMB) = 2.725 K
()
The luminosity distance to the galaxy (in Mpc): 20580.57660428252
The luminosity distance to the galaxy (in cm): 6.351165940081585e+28
()
Conversion complete.
()
-> Normalizing the spectrum by the continuum luminosity density at 1700 Angstroms ...

Spectrum normalized and error spectrum propogated

-> Writing spectrum parameters to PANDAS DataFrame of sample parameters to be considered later...
-> Plotting original spectrum shifted to rest-frame, rest-frame luminosity spectrum, and rest-frame normalized luminosity spectrum...
-> Saving spectrum to a file to be accessed later...

A1689_1.rest_UV.1467.rest-frame.lum.norm-lum.not-resampled.txt written!



--> Preparing spectrum in file 1637_for_stack.fits for resampling...

Mask:  A1689_1
ID:  1637.0
Filter:  rest_UV

Spectral feature by which the spectrum will be normalized:  Lum_Density
<class 'numpy.bool_'>
1637
[  257.   280.   345.   470.   523.   537.   539.  1014.  1034.  1098.
  1197.  1337.  1467.  1637.  1689.  1721.  1751.  1829.  2067.  2698.
  2821. 10012. 30003. 40011.]
['A1689_1' 'A1689_1' 'A1689_1' 'A1689_1' 'A1689_1' 'A1689_1' 'A1689_1'
 'A1689_1' 'A1689_1' 'A1689_1' 'A1689_1' 'A1689_1' 'A1689_1' 'A1689_1'
 'A1689_1' 'A1689_1' 'A1689_1' 'A1689_1' 'A1689_1' 'A1689_1' 'A1689_1'
 'A1689_1' 'A1689_1' 'A1689_1']
happened
13
A1689_1 1637.0
Measured continuum luminosity density at 1700 Angstroms:  7.63960e-30

-> Shifting from observed wavelengths to rest wavelengths...
Object lies at z = 2.0997
()
Rest-wavelengths calculated.
()
-> Converting from flux to luminosity...
Luminosities and fluxes here are densities per unit WAVELENGTH

Object lies at z = 2.0997
()
Cosmological parameters (z=0) to be used in luminosity distance calculations:
H = 70.0 km / (Mpc s)
O(matter) = 0.3
O(darkenergy) = 0.699914749669108
O(baryon) = 0.05
T(CMB) = 2.725 K
()
The luminosity distance to the galaxy (in Mpc): 16489.379541409344
The luminosity distance to the galaxy (in cm): 5.088622526478923e+28
()
Conversion complete.
()
-> Normalizing the spectrum by the continuum luminosity density at 1700 Angstroms ...

Spectrum normalized and error spectrum propogated

-> Writing spectrum parameters to PANDAS DataFrame of sample parameters to be considered later...
-> Plotting original spectrum shifted to rest-frame, rest-frame luminosity spectrum, and rest-frame normalized luminosity spectrum...
-> Saving spectrum to a file to be accessed later...

A1689_1.rest_UV.1637.rest-frame.lum.norm-lum.not-resampled.txt written!



--> Preparing spectrum in file 1689_for_stack.fits for resampling...

Mask:  A1689_1
ID:  1689.0
Filter:  rest_UV

Spectral feature by which the spectrum will be normalized:  Lum_Density
<class 'numpy.bool_'>
1689
[  257.   280.   345.   470.   523.   537.   539.  1014.  1034.  1098.
  1197.  1337.  1467.  1637.  1689.  1721.  1751.  1829.  2067.  2698.
  2821. 10012. 30003. 40011.]
['A1689_1' 'A1689_1' 'A1689_1' 'A1689_1' 'A1689_1' 'A1689_1' 'A1689_1'
 'A1689_1' 'A1689_1' 'A1689_1' 'A1689_1' 'A1689_1' 'A1689_1' 'A1689_1'
 'A1689_1' 'A1689_1' 'A1689_1' 'A1689_1' 'A1689_1' 'A1689_1' 'A1689_1'
 'A1689_1' 'A1689_1' 'A1689_1']
happened
14
A1689_1 1689.0
Measured continuum luminosity density at 1700 Angstroms:  3.29530e-30

-> Shifting from observed wavelengths to rest wavelengths...
Object lies at z = 2.3933
()
Rest-wavelengths calculated.
()
-> Converting from flux to luminosity...
Luminosities and fluxes here are densities per unit WAVELENGTH

Object lies at z = 2.3933
()
Cosmological parameters (z=0) to be used in luminosity distance calculations:
H = 70.0 km / (Mpc s)
O(matter) = 0.3
O(darkenergy) = 0.699914749669108
O(baryon) = 0.05
T(CMB) = 2.725 K
()
The luminosity distance to the galaxy (in Mpc): 19340.573674886353
The luminosity distance to the galaxy (in cm): 5.9685010360699285e+28
()
Conversion complete.
()
-> Normalizing the spectrum by the continuum luminosity density at 1700 Angstroms ...

Spectrum normalized and error spectrum propogated

-> Writing spectrum parameters to PANDAS DataFrame of sample parameters to be considered later...
-> Plotting original spectrum shifted to rest-frame, rest-frame luminosity spectrum, and rest-frame normalized luminosity spectrum...
-> Saving spectrum to a file to be accessed later...

A1689_1.rest_UV.1689.rest-frame.lum.norm-lum.not-resampled.txt written!



--> Preparing spectrum in file 1721_M1149_slitcorr.fits for resampling...

Mask:  A1689_1
ID:  1721.0
Filter:  rest_UV

Spectral feature by which the spectrum will be normalized:  Lum_Density
<class 'numpy.bool_'>
1721
[  257.   280.   345.   470.   523.   537.   539.  1014.  1034.  1098.
  1197.  1337.  1467.  1637.  1689.  1721.  1751.  1829.  2067.  2698.
  2821. 10012. 30003. 40011.]
['A1689_1' 'A1689_1' 'A1689_1' 'A1689_1' 'A1689_1' 'A1689_1' 'A1689_1'
 'A1689_1' 'A1689_1' 'A1689_1' 'A1689_1' 'A1689_1' 'A1689_1' 'A1689_1'
 'A1689_1' 'A1689_1' 'A1689_1' 'A1689_1' 'A1689_1' 'A1689_1' 'A1689_1'
 'A1689_1' 'A1689_1' 'A1689_1']
happened
15
A1689_1 1721.0
Measured continuum luminosity density at 1700 Angstroms:  1.55940e-30

-> Shifting from observed wavelengths to rest wavelengths...
Object lies at z = 2.092
()
Rest-wavelengths calculated.
()
-> Converting from flux to luminosity...
Luminosities and fluxes here are densities per unit WAVELENGTH

Object lies at z = 2.092
()
Cosmological parameters (z=0) to be used in luminosity distance calculations:
H = 70.0 km / (Mpc s)
O(matter) = 0.3
O(darkenergy) = 0.699914749669108
O(baryon) = 0.05
T(CMB) = 2.725 K
()
The luminosity distance to the galaxy (in Mpc): 16415.524624177404
The luminosity distance to the galaxy (in cm): 5.065830899021146e+28
()
Conversion complete.
()
-> Normalizing the spectrum by the continuum luminosity density at 1700 Angstroms ...

Spectrum normalized and error spectrum propogated

-> Writing spectrum parameters to PANDAS DataFrame of sample parameters to be considered later...
-> Plotting original spectrum shifted to rest-frame, rest-frame luminosity spectrum, and rest-frame normalized luminosity spectrum...
-> Saving spectrum to a file to be accessed later...

A1689_1.rest_UV.1721.rest-frame.lum.norm-lum.not-resampled.txt written!



--> Preparing spectrum in file 1751_for_stack.fits for resampling...

Mask:  A1689_1
ID:  1751.0
Filter:  rest_UV

Spectral feature by which the spectrum will be normalized:  Lum_Density
<class 'numpy.bool_'>
1751
[  257.   280.   345.   470.   523.   537.   539.  1014.  1034.  1098.
  1197.  1337.  1467.  1637.  1689.  1721.  1751.  1829.  2067.  2698.
  2821. 10012. 30003. 40011.]
['A1689_1' 'A1689_1' 'A1689_1' 'A1689_1' 'A1689_1' 'A1689_1' 'A1689_1'
 'A1689_1' 'A1689_1' 'A1689_1' 'A1689_1' 'A1689_1' 'A1689_1' 'A1689_1'
 'A1689_1' 'A1689_1' 'A1689_1' 'A1689_1' 'A1689_1' 'A1689_1' 'A1689_1'
 'A1689_1' 'A1689_1' 'A1689_1']
happened
16
A1689_1 1751.0
Measured continuum luminosity density at 1700 Angstroms:  1.05380e-29

-> Shifting from observed wavelengths to rest wavelengths...
Object lies at z = 2.3816
()
Rest-wavelengths calculated.
()
-> Converting from flux to luminosity...
Luminosities and fluxes here are densities per unit WAVELENGTH

Object lies at z = 2.3816
()
Cosmological parameters (z=0) to be used in luminosity distance calculations:
H = 70.0 km / (Mpc s)
O(matter) = 0.3
O(darkenergy) = 0.699914749669108
O(baryon) = 0.05
T(CMB) = 2.725 K
()
The luminosity distance to the galaxy (in Mpc): 19225.71456139731
The luminosity distance to the galaxy (in cm): 5.93305551364721e+28
()
Conversion complete.
()
-> Normalizing the spectrum by the continuum luminosity density at 1700 Angstroms ...

Spectrum normalized and error spectrum propogated

-> Writing spectrum parameters to PANDAS DataFrame of sample parameters to be considered later...
-> Plotting original spectrum shifted to rest-frame, rest-frame luminosity spectrum, and rest-frame normalized luminosity spectrum...
-> Saving spectrum to a file to be accessed later...

A1689_1.rest_UV.1751.rest-frame.lum.norm-lum.not-resampled.txt written!



--> Preparing spectrum in file 1829_for_stack.fits for resampling...

Mask:  A1689_1
ID:  1829.0
Filter:  rest_UV

Spectral feature by which the spectrum will be normalized:  Lum_Density
<class 'numpy.bool_'>
1829
[  257.   280.   345.   470.   523.   537.   539.  1014.  1034.  1098.
  1197.  1337.  1467.  1637.  1689.  1721.  1751.  1829.  2067.  2698.
  2821. 10012. 30003. 40011.]
['A1689_1' 'A1689_1' 'A1689_1' 'A1689_1' 'A1689_1' 'A1689_1' 'A1689_1'
 'A1689_1' 'A1689_1' 'A1689_1' 'A1689_1' 'A1689_1' 'A1689_1' 'A1689_1'
 'A1689_1' 'A1689_1' 'A1689_1' 'A1689_1' 'A1689_1' 'A1689_1' 'A1689_1'
 'A1689_1' 'A1689_1' 'A1689_1']
happened
17
A1689_1 1829.0
Measured continuum luminosity density at 1700 Angstroms:  2.96710e-30

-> Shifting from observed wavelengths to rest wavelengths...
Object lies at z = 3.0595
()
Rest-wavelengths calculated.
()
-> Converting from flux to luminosity...
Luminosities and fluxes here are densities per unit WAVELENGTH

Object lies at z = 3.0595
()
Cosmological parameters (z=0) to be used in luminosity distance calculations:
H = 70.0 km / (Mpc s)
O(matter) = 0.3
O(darkenergy) = 0.699914749669108
O(baryon) = 0.05
T(CMB) = 2.725 K
()
The luminosity distance to the galaxy (in Mpc): 26024.547867943736
The luminosity distance to the galaxy (in cm): 8.031175472047437e+28
()
Conversion complete.
()
-> Normalizing the spectrum by the continuum luminosity density at 1700 Angstroms ...

Spectrum normalized and error spectrum propogated

-> Writing spectrum parameters to PANDAS DataFrame of sample parameters to be considered later...
-> Plotting original spectrum shifted to rest-frame, rest-frame luminosity spectrum, and rest-frame normalized luminosity spectrum...
-> Saving spectrum to a file to be accessed later...

A1689_1.rest_UV.1829.rest-frame.lum.norm-lum.not-resampled.txt written!



--> Preparing spectrum in file 2067_M1149_slitcorr.fits for resampling...

Mask:  A1689_1
ID:  2067.0
Filter:  rest_UV

Spectral feature by which the spectrum will be normalized:  Lum_Density
<class 'numpy.bool_'>
2067
[  257.   280.   345.   470.   523.   537.   539.  1014.  1034.  1098.
  1197.  1337.  1467.  1637.  1689.  1721.  1751.  1829.  2067.  2698.
  2821. 10012. 30003. 40011.]
['A1689_1' 'A1689_1' 'A1689_1' 'A1689_1' 'A1689_1' 'A1689_1' 'A1689_1'
 'A1689_1' 'A1689_1' 'A1689_1' 'A1689_1' 'A1689_1' 'A1689_1' 'A1689_1'
 'A1689_1' 'A1689_1' 'A1689_1' 'A1689_1' 'A1689_1' 'A1689_1' 'A1689_1'
 'A1689_1' 'A1689_1' 'A1689_1']
happened
18
A1689_1 2067.0
Measured continuum luminosity density at 1700 Angstroms:  6.46640e-30

-> Shifting from observed wavelengths to rest wavelengths...
Object lies at z = 2.3094
()
Rest-wavelengths calculated.
()
-> Converting from flux to luminosity...
Luminosities and fluxes here are densities per unit WAVELENGTH

Object lies at z = 2.3094
()
Cosmological parameters (z=0) to be used in luminosity distance calculations:
H = 70.0 km / (Mpc s)
O(matter) = 0.3
O(darkenergy) = 0.699914749669108
O(baryon) = 0.05
T(CMB) = 2.725 K
()
The luminosity distance to the galaxy (in Mpc): 18519.111831058428
The luminosity distance to the galaxy (in cm): 5.71499791106463e+28
()
Conversion complete.
()
-> Normalizing the spectrum by the continuum luminosity density at 1700 Angstroms ...

Spectrum normalized and error spectrum propogated

-> Writing spectrum parameters to PANDAS DataFrame of sample parameters to be considered later...
-> Plotting original spectrum shifted to rest-frame, rest-frame luminosity spectrum, and rest-frame normalized luminosity spectrum...
-> Saving spectrum to a file to be accessed later...

A1689_1.rest_UV.2067.rest-frame.lum.norm-lum.not-resampled.txt written!



--> Preparing spectrum in file 257_A1689_slitcorr.fits for resampling...

Mask:  A1689_1
ID:  257.0
Filter:  rest_UV

Spectral feature by which the spectrum will be normalized:  Lum_Density
<class 'numpy.bool_'>
257
[  257.   280.   345.   470.   523.   537.   539.  1014.  1034.  1098.
  1197.  1337.  1467.  1637.  1689.  1721.  1751.  1829.  2067.  2698.
  2821. 10012. 30003. 40011.]
['A1689_1' 'A1689_1' 'A1689_1' 'A1689_1' 'A1689_1' 'A1689_1' 'A1689_1'
 'A1689_1' 'A1689_1' 'A1689_1' 'A1689_1' 'A1689_1' 'A1689_1' 'A1689_1'
 'A1689_1' 'A1689_1' 'A1689_1' 'A1689_1' 'A1689_1' 'A1689_1' 'A1689_1'
 'A1689_1' 'A1689_1' 'A1689_1']
happened
0
A1689_1 257.0
Measured continuum luminosity density at 1700 Angstroms:  2.96210e-30

-> Shifting from observed wavelengths to rest wavelengths...
Object lies at z = 1.7036
()
Rest-wavelengths calculated.
()
-> Converting from flux to luminosity...
Luminosities and fluxes here are densities per unit WAVELENGTH

Object lies at z = 1.7036
()
Cosmological parameters (z=0) to be used in luminosity distance calculations:
H = 70.0 km / (Mpc s)
O(matter) = 0.3
O(darkenergy) = 0.699914749669108
O(baryon) = 0.05
T(CMB) = 2.725 K
()
The luminosity distance to the galaxy (in Mpc): 12760.646532610377
The luminosity distance to the galaxy (in cm): 3.9379355199635623e+28
()
Conversion complete.
()
-> Normalizing the spectrum by the continuum luminosity density at 1700 Angstroms ...

Spectrum normalized and error spectrum propogated

-> Writing spectrum parameters to PANDAS DataFrame of sample parameters to be considered later...
-> Plotting original spectrum shifted to rest-frame, rest-frame luminosity spectrum, and rest-frame normalized luminosity spectrum...
-> Saving spectrum to a file to be accessed later...

A1689_1.rest_UV.257.rest-frame.lum.norm-lum.not-resampled.txt written!



--> Preparing spectrum in file 2698_for_stack.fits for resampling...

Mask:  A1689_1
ID:  2698.0
Filter:  rest_UV

Spectral feature by which the spectrum will be normalized:  Lum_Density
<class 'numpy.bool_'>
2698
[  257.   280.   345.   470.   523.   537.   539.  1014.  1034.  1098.
  1197.  1337.  1467.  1637.  1689.  1721.  1751.  1829.  2067.  2698.
  2821. 10012. 30003. 40011.]
['A1689_1' 'A1689_1' 'A1689_1' 'A1689_1' 'A1689_1' 'A1689_1' 'A1689_1'
 'A1689_1' 'A1689_1' 'A1689_1' 'A1689_1' 'A1689_1' 'A1689_1' 'A1689_1'
 'A1689_1' 'A1689_1' 'A1689_1' 'A1689_1' 'A1689_1' 'A1689_1' 'A1689_1'
 'A1689_1' 'A1689_1' 'A1689_1']
happened
19
A1689_1 2698.0
Measured continuum luminosity density at 1700 Angstroms:  2.53690e-30

-> Shifting from observed wavelengths to rest wavelengths...
Object lies at z = 2.2748
()
Rest-wavelengths calculated.
()
-> Converting from flux to luminosity...
Luminosities and fluxes here are densities per unit WAVELENGTH

Object lies at z = 2.2748
()
Cosmological parameters (z=0) to be used in luminosity distance calculations:
H = 70.0 km / (Mpc s)
O(matter) = 0.3
O(darkenergy) = 0.699914749669108
O(baryon) = 0.05
T(CMB) = 2.725 K
()
The luminosity distance to the galaxy (in Mpc): 18181.853416770846
The luminosity distance to the galaxy (in cm): 5.610919964415483e+28
()
Conversion complete.
()
-> Normalizing the spectrum by the continuum luminosity density at 1700 Angstroms ...

Spectrum normalized and error spectrum propogated

-> Writing spectrum parameters to PANDAS DataFrame of sample parameters to be considered later...
-> Plotting original spectrum shifted to rest-frame, rest-frame luminosity spectrum, and rest-frame normalized luminosity spectrum...
-> Saving spectrum to a file to be accessed later...

A1689_1.rest_UV.2698.rest-frame.lum.norm-lum.not-resampled.txt written!



--> Preparing spectrum in file 280_A1689_slitcorr.fits for resampling...

Mask:  A1689_1
ID:  280.0
Filter:  rest_UV

Spectral feature by which the spectrum will be normalized:  Lum_Density
<class 'numpy.bool_'>
280
[  257.   280.   345.   470.   523.   537.   539.  1014.  1034.  1098.
  1197.  1337.  1467.  1637.  1689.  1721.  1751.  1829.  2067.  2698.
  2821. 10012. 30003. 40011.]
['A1689_1' 'A1689_1' 'A1689_1' 'A1689_1' 'A1689_1' 'A1689_1' 'A1689_1'
 'A1689_1' 'A1689_1' 'A1689_1' 'A1689_1' 'A1689_1' 'A1689_1' 'A1689_1'
 'A1689_1' 'A1689_1' 'A1689_1' 'A1689_1' 'A1689_1' 'A1689_1' 'A1689_1'
 'A1689_1' 'A1689_1' 'A1689_1']
happened
1
A1689_1 280.0
Measured continuum luminosity density at 1700 Angstroms:  1.22240e-29

-> Shifting from observed wavelengths to rest wavelengths...
Object lies at z = 1.7032
()
Rest-wavelengths calculated.
()
-> Converting from flux to luminosity...
Luminosities and fluxes here are densities per unit WAVELENGTH

Object lies at z = 1.7032
()
Cosmological parameters (z=0) to be used in luminosity distance calculations:
H = 70.0 km / (Mpc s)
O(matter) = 0.3
O(darkenergy) = 0.699914749669108
O(baryon) = 0.05
T(CMB) = 2.725 K
()
The luminosity distance to the galaxy (in Mpc): 12756.960341137761
The luminosity distance to the galaxy (in cm): 3.936797961275113e+28
()
Conversion complete.
()
-> Normalizing the spectrum by the continuum luminosity density at 1700 Angstroms ...

Spectrum normalized and error spectrum propogated

-> Writing spectrum parameters to PANDAS DataFrame of sample parameters to be considered later...
-> Plotting original spectrum shifted to rest-frame, rest-frame luminosity spectrum, and rest-frame normalized luminosity spectrum...
-> Saving spectrum to a file to be accessed later...

A1689_1.rest_UV.280.rest-frame.lum.norm-lum.not-resampled.txt written!



--> Preparing spectrum in file 2821_M0717_slitcorr.fits for resampling...

Mask:  A1689_1
ID:  2821.0
Filter:  rest_UV

Spectral feature by which the spectrum will be normalized:  Lum_Density
<class 'numpy.bool_'>
2821
[  257.   280.   345.   470.   523.   537.   539.  1014.  1034.  1098.
  1197.  1337.  1467.  1637.  1689.  1721.  1751.  1829.  2067.  2698.
  2821. 10012. 30003. 40011.]
['A1689_1' 'A1689_1' 'A1689_1' 'A1689_1' 'A1689_1' 'A1689_1' 'A1689_1'
 'A1689_1' 'A1689_1' 'A1689_1' 'A1689_1' 'A1689_1' 'A1689_1' 'A1689_1'
 'A1689_1' 'A1689_1' 'A1689_1' 'A1689_1' 'A1689_1' 'A1689_1' 'A1689_1'
 'A1689_1' 'A1689_1' 'A1689_1']
happened
20
A1689_1 2821.0
Measured continuum luminosity density at 1700 Angstroms:  1.70920e-30

-> Shifting from observed wavelengths to rest wavelengths...
Object lies at z = 2.2069
()
Rest-wavelengths calculated.
()
-> Converting from flux to luminosity...
Luminosities and fluxes here are densities per unit WAVELENGTH

Object lies at z = 2.2069
()
Cosmological parameters (z=0) to be used in luminosity distance calculations:
H = 70.0 km / (Mpc s)
O(matter) = 0.3
O(darkenergy) = 0.699914749669108
O(baryon) = 0.05
T(CMB) = 2.725 K
()
The luminosity distance to the galaxy (in Mpc): 17522.660167078273
The luminosity distance to the galaxy (in cm): 5.407492927560354e+28
()
Conversion complete.
()
-> Normalizing the spectrum by the continuum luminosity density at 1700 Angstroms ...

Spectrum normalized and error spectrum propogated

-> Writing spectrum parameters to PANDAS DataFrame of sample parameters to be considered later...
-> Plotting original spectrum shifted to rest-frame, rest-frame luminosity spectrum, and rest-frame normalized luminosity spectrum...
-> Saving spectrum to a file to be accessed later...

A1689_1.rest_UV.2821.rest-frame.lum.norm-lum.not-resampled.txt written!



--> Preparing spectrum in file 30003_for_stack.fits for resampling...

Mask:  A1689_1
ID:  30003.0
Filter:  rest_UV

Spectral feature by which the spectrum will be normalized:  Lum_Density
<class 'numpy.bool_'>
30003
[  257.   280.   345.   470.   523.   537.   539.  1014.  1034.  1098.
  1197.  1337.  1467.  1637.  1689.  1721.  1751.  1829.  2067.  2698.
  2821. 10012. 30003. 40011.]
['A1689_1' 'A1689_1' 'A1689_1' 'A1689_1' 'A1689_1' 'A1689_1' 'A1689_1'
 'A1689_1' 'A1689_1' 'A1689_1' 'A1689_1' 'A1689_1' 'A1689_1' 'A1689_1'
 'A1689_1' 'A1689_1' 'A1689_1' 'A1689_1' 'A1689_1' 'A1689_1' 'A1689_1'
 'A1689_1' 'A1689_1' 'A1689_1']
happened
22
A1689_1 30003.0
Measured continuum luminosity density at 1700 Angstroms:  7.65410e-30

-> Shifting from observed wavelengths to rest wavelengths...
Object lies at z = 1.8341
()
Rest-wavelengths calculated.
()
-> Converting from flux to luminosity...
Luminosities and fluxes here are densities per unit WAVELENGTH

Object lies at z = 1.8341
()
Cosmological parameters (z=0) to be used in luminosity distance calculations:
H = 70.0 km / (Mpc s)
O(matter) = 0.3
O(darkenergy) = 0.699914749669108
O(baryon) = 0.05
T(CMB) = 2.725 K
()
The luminosity distance to the galaxy (in Mpc): 13972.324764107483
The luminosity distance to the galaxy (in cm): 4.311859422203569e+28
()
Conversion complete.
()
-> Normalizing the spectrum by the continuum luminosity density at 1700 Angstroms ...

Spectrum normalized and error spectrum propogated

-> Writing spectrum parameters to PANDAS DataFrame of sample parameters to be considered later...
-> Plotting original spectrum shifted to rest-frame, rest-frame luminosity spectrum, and rest-frame normalized luminosity spectrum...
-> Saving spectrum to a file to be accessed later...

A1689_1.rest_UV.30003.rest-frame.lum.norm-lum.not-resampled.txt written!



--> Preparing spectrum in file 345_A1689_slitcorr.fits for resampling...

Mask:  A1689_1
ID:  345.0
Filter:  rest_UV

Spectral feature by which the spectrum will be normalized:  Lum_Density
<class 'numpy.bool_'>
345
[  257.   280.   345.   470.   523.   537.   539.  1014.  1034.  1098.
  1197.  1337.  1467.  1637.  1689.  1721.  1751.  1829.  2067.  2698.
  2821. 10012. 30003. 40011.]
['A1689_1' 'A1689_1' 'A1689_1' 'A1689_1' 'A1689_1' 'A1689_1' 'A1689_1'
 'A1689_1' 'A1689_1' 'A1689_1' 'A1689_1' 'A1689_1' 'A1689_1' 'A1689_1'
 'A1689_1' 'A1689_1' 'A1689_1' 'A1689_1' 'A1689_1' 'A1689_1' 'A1689_1'
 'A1689_1' 'A1689_1' 'A1689_1']
happened
2
A1689_1 345.0
Measured continuum luminosity density at 1700 Angstroms:  2.62900e-30

-> Shifting from observed wavelengths to rest wavelengths...
Object lies at z = 1.9723
()
Rest-wavelengths calculated.
()
-> Converting from flux to luminosity...
Luminosities and fluxes here are densities per unit WAVELENGTH

Object lies at z = 1.9723
()
Cosmological parameters (z=0) to be used in luminosity distance calculations:
H = 70.0 km / (Mpc s)
O(matter) = 0.3
O(darkenergy) = 0.699914749669108
O(baryon) = 0.05
T(CMB) = 2.725 K
()
The luminosity distance to the galaxy (in Mpc): 15273.997109923386
The luminosity distance to the galaxy (in cm): 4.713555508122356e+28
()
Conversion complete.
()
-> Normalizing the spectrum by the continuum luminosity density at 1700 Angstroms ...

Spectrum normalized and error spectrum propogated

-> Writing spectrum parameters to PANDAS DataFrame of sample parameters to be considered later...
-> Plotting original spectrum shifted to rest-frame, rest-frame luminosity spectrum, and rest-frame normalized luminosity spectrum...
-> Saving spectrum to a file to be accessed later...

A1689_1.rest_UV.345.rest-frame.lum.norm-lum.not-resampled.txt written!



--> Preparing spectrum in file 40011_for_stack.fits for resampling...

Mask:  A1689_1
ID:  40011.0
Filter:  rest_UV

Spectral feature by which the spectrum will be normalized:  Lum_Density
<class 'numpy.bool_'>
40011
[  257.   280.   345.   470.   523.   537.   539.  1014.  1034.  1098.
  1197.  1337.  1467.  1637.  1689.  1721.  1751.  1829.  2067.  2698.
  2821. 10012. 30003. 40011.]
['A1689_1' 'A1689_1' 'A1689_1' 'A1689_1' 'A1689_1' 'A1689_1' 'A1689_1'
 'A1689_1' 'A1689_1' 'A1689_1' 'A1689_1' 'A1689_1' 'A1689_1' 'A1689_1'
 'A1689_1' 'A1689_1' 'A1689_1' 'A1689_1' 'A1689_1' 'A1689_1' 'A1689_1'
 'A1689_1' 'A1689_1' 'A1689_1']
happened
23
A1689_1 40011.0
Measured continuum luminosity density at 1700 Angstroms:  5.60980e-30

-> Shifting from observed wavelengths to rest wavelengths...
Object lies at z = 2.5918
()
Rest-wavelengths calculated.
()
-> Converting from flux to luminosity...
Luminosities and fluxes here are densities per unit WAVELENGTH

Object lies at z = 2.5918
()
Cosmological parameters (z=0) to be used in luminosity distance calculations:
H = 70.0 km / (Mpc s)
O(matter) = 0.3
O(darkenergy) = 0.699914749669108
O(baryon) = 0.05
T(CMB) = 2.725 K
()
The luminosity distance to the galaxy (in Mpc): 21303.576050192445
The luminosity distance to the galaxy (in cm): 6.574283569089388e+28
()
Conversion complete.
()
-> Normalizing the spectrum by the continuum luminosity density at 1700 Angstroms ...

Spectrum normalized and error spectrum propogated

-> Writing spectrum parameters to PANDAS DataFrame of sample parameters to be considered later...
-> Plotting original spectrum shifted to rest-frame, rest-frame luminosity spectrum, and rest-frame normalized luminosity spectrum...
-> Saving spectrum to a file to be accessed later...

A1689_1.rest_UV.40011.rest-frame.lum.norm-lum.not-resampled.txt written!



--> Preparing spectrum in file 470_for_stack.fits for resampling...

Mask:  A1689_1
ID:  470.0
Filter:  rest_UV

Spectral feature by which the spectrum will be normalized:  Lum_Density
<class 'numpy.bool_'>
470
[  257.   280.   345.   470.   523.   537.   539.  1014.  1034.  1098.
  1197.  1337.  1467.  1637.  1689.  1721.  1751.  1829.  2067.  2698.
  2821. 10012. 30003. 40011.]
['A1689_1' 'A1689_1' 'A1689_1' 'A1689_1' 'A1689_1' 'A1689_1' 'A1689_1'
 'A1689_1' 'A1689_1' 'A1689_1' 'A1689_1' 'A1689_1' 'A1689_1' 'A1689_1'
 'A1689_1' 'A1689_1' 'A1689_1' 'A1689_1' 'A1689_1' 'A1689_1' 'A1689_1'
 'A1689_1' 'A1689_1' 'A1689_1']
happened
3
A1689_1 470.0
Measured continuum luminosity density at 1700 Angstroms:  1.87210e-30

-> Shifting from observed wavelengths to rest wavelengths...
Object lies at z = 2.5411
()
Rest-wavelengths calculated.
()
-> Converting from flux to luminosity...
Luminosities and fluxes here are densities per unit WAVELENGTH

Object lies at z = 2.5411
()
Cosmological parameters (z=0) to be used in luminosity distance calculations:
H = 70.0 km / (Mpc s)
O(matter) = 0.3
O(darkenergy) = 0.699914749669108
O(baryon) = 0.05
T(CMB) = 2.725 K
()
The luminosity distance to the galaxy (in Mpc): 20799.69249262304
The luminosity distance to the galaxy (in cm): 6.418785103223469e+28
()
Conversion complete.
()
-> Normalizing the spectrum by the continuum luminosity density at 1700 Angstroms ...

Spectrum normalized and error spectrum propogated

-> Writing spectrum parameters to PANDAS DataFrame of sample parameters to be considered later...
-> Plotting original spectrum shifted to rest-frame, rest-frame luminosity spectrum, and rest-frame normalized luminosity spectrum...
-> Saving spectrum to a file to be accessed later...

A1689_1.rest_UV.470.rest-frame.lum.norm-lum.not-resampled.txt written!



--> Preparing spectrum in file 523_for_stack.fits for resampling...

Mask:  A1689_1
ID:  523.0
Filter:  rest_UV

Spectral feature by which the spectrum will be normalized:  Lum_Density
<class 'numpy.bool_'>
523
[  257.   280.   345.   470.   523.   537.   539.  1014.  1034.  1098.
  1197.  1337.  1467.  1637.  1689.  1721.  1751.  1829.  2067.  2698.
  2821. 10012. 30003. 40011.]
['A1689_1' 'A1689_1' 'A1689_1' 'A1689_1' 'A1689_1' 'A1689_1' 'A1689_1'
 'A1689_1' 'A1689_1' 'A1689_1' 'A1689_1' 'A1689_1' 'A1689_1' 'A1689_1'
 'A1689_1' 'A1689_1' 'A1689_1' 'A1689_1' 'A1689_1' 'A1689_1' 'A1689_1'
 'A1689_1' 'A1689_1' 'A1689_1']
happened
4
A1689_1 523.0
Measured continuum luminosity density at 1700 Angstroms:  8.06980e-30

-> Shifting from observed wavelengths to rest wavelengths...
Object lies at z = 2.542
()
Rest-wavelengths calculated.
()
-> Converting from flux to luminosity...
Luminosities and fluxes here are densities per unit WAVELENGTH

Object lies at z = 2.542
()
Cosmological parameters (z=0) to be used in luminosity distance calculations:
H = 70.0 km / (Mpc s)
O(matter) = 0.3
O(darkenergy) = 0.699914749669108
O(baryon) = 0.05
T(CMB) = 2.725 K
()
The luminosity distance to the galaxy (in Mpc): 20808.622584223333
The luminosity distance to the galaxy (in cm): 6.42154092949132e+28
()
Conversion complete.
()
-> Normalizing the spectrum by the continuum luminosity density at 1700 Angstroms ...

Spectrum normalized and error spectrum propogated

-> Writing spectrum parameters to PANDAS DataFrame of sample parameters to be considered later...
-> Plotting original spectrum shifted to rest-frame, rest-frame luminosity spectrum, and rest-frame normalized luminosity spectrum...
-> Saving spectrum to a file to be accessed later...

A1689_1.rest_UV.523.rest-frame.lum.norm-lum.not-resampled.txt written!



--> Preparing spectrum in file 537_for_stack.fits for resampling...

Mask:  A1689_1
ID:  537.0
Filter:  rest_UV

Spectral feature by which the spectrum will be normalized:  Lum_Density
<class 'numpy.bool_'>
537
[  257.   280.   345.   470.   523.   537.   539.  1014.  1034.  1098.
  1197.  1337.  1467.  1637.  1689.  1721.  1751.  1829.  2067.  2698.
  2821. 10012. 30003. 40011.]
['A1689_1' 'A1689_1' 'A1689_1' 'A1689_1' 'A1689_1' 'A1689_1' 'A1689_1'
 'A1689_1' 'A1689_1' 'A1689_1' 'A1689_1' 'A1689_1' 'A1689_1' 'A1689_1'
 'A1689_1' 'A1689_1' 'A1689_1' 'A1689_1' 'A1689_1' 'A1689_1' 'A1689_1'
 'A1689_1' 'A1689_1' 'A1689_1']
happened
5
A1689_1 537.0
Measured continuum luminosity density at 1700 Angstroms:  4.84910e-30

-> Shifting from observed wavelengths to rest wavelengths...
Object lies at z = 2.5405
()
Rest-wavelengths calculated.
()
-> Converting from flux to luminosity...
Luminosities and fluxes here are densities per unit WAVELENGTH

Object lies at z = 2.5405
()
Cosmological parameters (z=0) to be used in luminosity distance calculations:
H = 70.0 km / (Mpc s)
O(matter) = 0.3
O(darkenergy) = 0.699914749669108
O(baryon) = 0.05
T(CMB) = 2.725 K
()
The luminosity distance to the galaxy (in Mpc): 20793.73939366979
The luminosity distance to the galaxy (in cm): 6.416947976886497e+28
()
Conversion complete.
()
-> Normalizing the spectrum by the continuum luminosity density at 1700 Angstroms ...

Spectrum normalized and error spectrum propogated

-> Writing spectrum parameters to PANDAS DataFrame of sample parameters to be considered later...
-> Plotting original spectrum shifted to rest-frame, rest-frame luminosity spectrum, and rest-frame normalized luminosity spectrum...
-> Saving spectrum to a file to be accessed later...

A1689_1.rest_UV.537.rest-frame.lum.norm-lum.not-resampled.txt written!



--> Preparing spectrum in file 539_for_stack.fits for resampling...

Mask:  A1689_1
ID:  539.0
Filter:  rest_UV

Spectral feature by which the spectrum will be normalized:  Lum_Density
<class 'numpy.bool_'>
539
[  257.   280.   345.   470.   523.   537.   539.  1014.  1034.  1098.
  1197.  1337.  1467.  1637.  1689.  1721.  1751.  1829.  2067.  2698.
  2821. 10012. 30003. 40011.]
['A1689_1' 'A1689_1' 'A1689_1' 'A1689_1' 'A1689_1' 'A1689_1' 'A1689_1'
 'A1689_1' 'A1689_1' 'A1689_1' 'A1689_1' 'A1689_1' 'A1689_1' 'A1689_1'
 'A1689_1' 'A1689_1' 'A1689_1' 'A1689_1' 'A1689_1' 'A1689_1' 'A1689_1'
 'A1689_1' 'A1689_1' 'A1689_1']
happened
6
A1689_1 539.0
Measured continuum luminosity density at 1700 Angstroms:  5.03850e-30

-> Shifting from observed wavelengths to rest wavelengths...
Object lies at z = 3.0419
()
Rest-wavelengths calculated.
()
-> Converting from flux to luminosity...
Luminosities and fluxes here are densities per unit WAVELENGTH

Object lies at z = 3.0419
()
Cosmological parameters (z=0) to be used in luminosity distance calculations:
H = 70.0 km / (Mpc s)
O(matter) = 0.3
O(darkenergy) = 0.699914749669108
O(baryon) = 0.05
T(CMB) = 2.725 K
()
The luminosity distance to the galaxy (in Mpc): 25844.69373251272
The luminosity distance to the galaxy (in cm): 7.975672485853425e+28
()
Conversion complete.
()
-> Normalizing the spectrum by the continuum luminosity density at 1700 Angstroms ...

Spectrum normalized and error spectrum propogated

-> Writing spectrum parameters to PANDAS DataFrame of sample parameters to be considered later...
-> Plotting original spectrum shifted to rest-frame, rest-frame luminosity spectrum, and rest-frame normalized luminosity spectrum...
-> Saving spectrum to a file to be accessed later...

A1689_1.rest_UV.539.rest-frame.lum.norm-lum.not-resampled.txt written!



restframe_lum_normlum_spectra_Lum_Density.pdf written!



Sample parameters of interest:
       ID     Mask   Filter     Min_Wave  ... Redshift Redshift_Error Lum_Density_1700 Lum_Density_1700_Err
0   10012  A1689_1  rest_UV   865.672119  ...   2.3571       0.000017              0.0                  0.0
1    1014  A1689_1  rest_UV  1118.892822  ...   1.6003       0.000009              0.0                  0.0
2    1034  A1689_1  rest_UV   847.535217  ...     2.44       0.000005              0.0                  0.0
3    1098  A1689_1  rest_UV  1036.878296  ...   1.8933       0.000029              0.0                  0.0
4    1197  A1689_1  rest_UV  1110.042236  ...   1.7026       0.000006              0.0                  0.0
5    1337  A1689_1  rest_UV   799.163513  ...   2.6398       0.000028              0.0                  0.0
6    1467  A1689_1  rest_UV   832.378235  ...    2.519        0.00002              0.0                  0.0
7    1637  A1689_1  rest_UV   939.798096  ...   2.0997       0.000006              0.0                  0.0
8    1689  A1689_1  rest_UV   858.858093  ...   2.3933       0.000012              0.0                  0.0
9    1721  A1689_1  rest_UV   970.245789  ...    2.092       0.000046              0.0                  0.0
10   1751  A1689_1  rest_UV   862.167297  ...   2.3816       0.000007              0.0                  0.0
11   1829  A1689_1  rest_UV   721.311584  ...   3.0595       0.000088              0.0                  0.0
12   2067  A1689_1  rest_UV   906.508728  ...   2.3094       0.000088              0.0                  0.0
13    257  A1689_1  rest_UV  1109.631592  ...   1.7036       0.000004              0.0                  0.0
14   2698  A1689_1  rest_UV   889.528442  ...   2.2748       0.000068              0.0                  0.0
15    280  A1689_1  rest_UV  1109.795776  ...   1.7032       0.000005              0.0                  0.0
16   2821  A1689_1  rest_UV    935.48291  ...   2.2069       0.000013              0.0                  0.0
17  30003  A1689_1  rest_UV  1027.558838  ...   1.8341       0.000048              0.0                  0.0
18    345  A1689_1  rest_UV  1009.319336  ...   1.9723       0.000038              0.0                  0.0
19  40011  A1689_1  rest_UV   810.884216  ...   2.5918       0.000009              0.0                  0.0
20    470  A1689_1  rest_UV   822.744812  ...   2.5411       0.000018              0.0                  0.0
21    523  A1689_1  rest_UV   821.606445  ...    2.542       0.000033              0.0                  0.0
22    537  A1689_1  rest_UV   823.068115  ...   2.5405       0.000058              0.0                  0.0
23    539  A1689_1  rest_UV   721.339417  ...   3.0419       0.000029              0.0                  0.0

[24 rows x 9 columns]


rest_UV
At the end of the stacking process, the sample weighted-average of the normalization feature (Lum_Density) will be multiplied into the stack
This value will be written to the header of the tabulated stacked spectrum multiplied by this value
--- A version of the stack without this final multiplication will also be created ---

sample_parameters_Lum_Density_weighted-average.txt written.

The weighted-average redshift of the sample is: 2.004360076725725

From the LRIS-band observed-frame dispersion of 2.18 A/pixel that will be used for the LRIS stack, 
the rest-frame dispersion will be: 0.7256

resampled_wavelength_parameters.txt - which includes the new minimum and new maximum wavelengths
 and the rest-frame dispersions - written


problem
['A1689_1.rest_UV.10012.rest-frame.lum.norm-lum.not-resampled.txt', 'A1689_1.rest_UV.1014.rest-frame.lum.norm-lum.not-resampled.txt', 'A1689_1.rest_UV.1034.rest-frame.lum.norm-lum.not-resampled.txt', 'A1689_1.rest_UV.1098.rest-frame.lum.norm-lum.not-resampled.txt', 'A1689_1.rest_UV.1197.rest-frame.lum.norm-lum.not-resampled.txt', 'A1689_1.rest_UV.1337.rest-frame.lum.norm-lum.not-resampled.txt', 'A1689_1.rest_UV.1467.rest-frame.lum.norm-lum.not-resampled.txt', 'A1689_1.rest_UV.1637.rest-frame.lum.norm-lum.not-resampled.txt', 'A1689_1.rest_UV.1689.rest-frame.lum.norm-lum.not-resampled.txt', 'A1689_1.rest_UV.1721.rest-frame.lum.norm-lum.not-resampled.txt', 'A1689_1.rest_UV.1751.rest-frame.lum.norm-lum.not-resampled.txt', 'A1689_1.rest_UV.1829.rest-frame.lum.norm-lum.not-resampled.txt', 'A1689_1.rest_UV.2067.rest-frame.lum.norm-lum.not-resampled.txt', 'A1689_1.rest_UV.257.rest-frame.lum.norm-lum.not-resampled.txt', 'A1689_1.rest_UV.2698.rest-frame.lum.norm-lum.not-resampled.txt', 'A1689_1.rest_UV.280.rest-frame.lum.norm-lum.not-resampled.txt', 'A1689_1.rest_UV.2821.rest-frame.lum.norm-lum.not-resampled.txt', 'A1689_1.rest_UV.30003.rest-frame.lum.norm-lum.not-resampled.txt', 'A1689_1.rest_UV.345.rest-frame.lum.norm-lum.not-resampled.txt', 'A1689_1.rest_UV.40011.rest-frame.lum.norm-lum.not-resampled.txt', 'A1689_1.rest_UV.470.rest-frame.lum.norm-lum.not-resampled.txt', 'A1689_1.rest_UV.523.rest-frame.lum.norm-lum.not-resampled.txt', 'A1689_1.rest_UV.537.rest-frame.lum.norm-lum.not-resampled.txt', 'A1689_1.rest_UV.539.rest-frame.lum.norm-lum.not-resampled.txt']
The length is 24
--> Considering A1689_1.rest_UV.10012.rest-frame.lum.norm-lum.not-resampled.txt for resampling:

A1689_1.rest_UV.10012.rest-frame.lum.norm-lum.not-resampled.txt
<class 'str'>
Mask: A1689_1
Filter: rest_UV
ID: 10012

-> Resampling the spectrum according to the aforementioned wavelength range and dispersion for the stack...

-> Trimming the ends of the spectrum that fall outside the new wavelength range...
-> Resampling the spectrum...

Spectres: new_wavs contains values outside the range in spec_wavs, new_fluxes and new_errs will be filled with the value set in the 'fill' keyword argument. 


-> New wavelength, luminosity, and luminosity error (if resampled) arrays will be returned as a 2D array with columns in this respective order.
[[ 1.12000000e+03  0.00000000e+00  0.00000000e+00]
 [ 1.12072560e+03  7.91406323e+69  5.35646691e+69]
 [ 1.12145120e+03  7.52464338e+69  4.86960320e+69]
 ...
 [ 1.63880400e+03 -2.60741859e+69  4.63300931e+69]
 [ 1.63952960e+03 -1.66871747e+69  4.73805330e+69]
 [ 1.64025520e+03  0.00000000e+00  0.00000000e+00]]

A1689_1.rest_UV.10012.resampled_noDC.txt written!



The length is 24
--> Considering A1689_1.rest_UV.1014.rest-frame.lum.norm-lum.not-resampled.txt for resampling:

A1689_1.rest_UV.1014.rest-frame.lum.norm-lum.not-resampled.txt
<class 'str'>
Mask: A1689_1
Filter: rest_UV
ID: 1014

-> Resampling the spectrum according to the aforementioned wavelength range and dispersion for the stack...

-> Trimming the ends of the spectrum that fall outside the new wavelength range...
-> Resampling the spectrum...

Spectres: new_wavs contains values outside the range in spec_wavs, new_fluxes and new_errs will be filled with the value set in the 'fill' keyword argument. 


-> New wavelength, luminosity, and luminosity error (if resampled) arrays will be returned as a 2D array with columns in this respective order.
[[ 1.12000000e+03  0.00000000e+00  0.00000000e+00]
 [ 1.12072560e+03 -5.13889122e+74  6.82307814e+74]
 [ 1.12145120e+03  1.32599894e+75  5.23297243e+74]
 ...
 [ 1.63880400e+03  1.34166508e+70  9.71813518e+68]
 [ 1.63952960e+03  1.61658797e+70  1.06999533e+69]
 [ 1.64025520e+03  0.00000000e+00  0.00000000e+00]]

A1689_1.rest_UV.1014.resampled_noDC.txt written!



The length is 24
--> Considering A1689_1.rest_UV.1034.rest-frame.lum.norm-lum.not-resampled.txt for resampling:

A1689_1.rest_UV.1034.rest-frame.lum.norm-lum.not-resampled.txt
<class 'str'>
Mask: A1689_1
Filter: rest_UV
ID: 1034

-> Resampling the spectrum according to the aforementioned wavelength range and dispersion for the stack...

-> Trimming the ends of the spectrum that fall outside the new wavelength range...
-> Resampling the spectrum...

Spectres: new_wavs contains values outside the range in spec_wavs, new_fluxes and new_errs will be filled with the value set in the 'fill' keyword argument. 


-> New wavelength, luminosity, and luminosity error (if resampled) arrays will be returned as a 2D array with columns in this respective order.
[[ 1.12000000e+03  0.00000000e+00  0.00000000e+00]
 [ 1.12072560e+03  3.34826769e+70  1.29693035e+70]
 [ 1.12145120e+03 -2.18313205e+70  1.17642842e+70]
 ...
 [ 1.63880400e+03  4.83090793e+69  2.31035874e+70]
 [ 1.63952960e+03  5.99107354e+70  2.09878622e+70]
 [ 1.64025520e+03  0.00000000e+00  0.00000000e+00]]

A1689_1.rest_UV.1034.resampled_noDC.txt written!



The length is 24
--> Considering A1689_1.rest_UV.1098.rest-frame.lum.norm-lum.not-resampled.txt for resampling:

A1689_1.rest_UV.1098.rest-frame.lum.norm-lum.not-resampled.txt
<class 'str'>
Mask: A1689_1
Filter: rest_UV
ID: 1098

-> Resampling the spectrum according to the aforementioned wavelength range and dispersion for the stack...

-> Trimming the ends of the spectrum that fall outside the new wavelength range...
-> Resampling the spectrum...

Spectres: new_wavs contains values outside the range in spec_wavs, new_fluxes and new_errs will be filled with the value set in the 'fill' keyword argument. 


-> New wavelength, luminosity, and luminosity error (if resampled) arrays will be returned as a 2D array with columns in this respective order.
[[1.12000000e+03 0.00000000e+00 0.00000000e+00]
 [1.12072560e+03 8.58639434e+69 3.39900663e+69]
 [1.12145120e+03 1.49058997e+70 3.66457259e+69]
 ...
 [1.63880400e+03 9.47891886e+69 9.11717465e+68]
 [1.63952960e+03 9.44700810e+69 8.75724193e+68]
 [1.64025520e+03 0.00000000e+00 0.00000000e+00]]

A1689_1.rest_UV.1098.resampled_noDC.txt written!



The length is 24
--> Considering A1689_1.rest_UV.1197.rest-frame.lum.norm-lum.not-resampled.txt for resampling:

A1689_1.rest_UV.1197.rest-frame.lum.norm-lum.not-resampled.txt
<class 'str'>
Mask: A1689_1
Filter: rest_UV
ID: 1197

-> Resampling the spectrum according to the aforementioned wavelength range and dispersion for the stack...

-> Trimming the ends of the spectrum that fall outside the new wavelength range...
-> Resampling the spectrum...

Spectres: new_wavs contains values outside the range in spec_wavs, new_fluxes and new_errs will be filled with the value set in the 'fill' keyword argument. 


-> New wavelength, luminosity, and luminosity error (if resampled) arrays will be returned as a 2D array with columns in this respective order.
[[1.12000000e+03 0.00000000e+00 0.00000000e+00]
 [1.12072560e+03 4.04809180e+70 2.91386436e+70]
 [1.12145120e+03 6.92139678e+69 2.83690909e+70]
 ...
 [1.63880400e+03 7.30822447e+69 3.18747036e+68]
 [1.63952960e+03 7.29802211e+69 3.22656825e+68]
 [1.64025520e+03 0.00000000e+00 0.00000000e+00]]

A1689_1.rest_UV.1197.resampled_noDC.txt written!



The length is 24
--> Considering A1689_1.rest_UV.1337.rest-frame.lum.norm-lum.not-resampled.txt for resampling:

A1689_1.rest_UV.1337.rest-frame.lum.norm-lum.not-resampled.txt
<class 'str'>
Mask: A1689_1
Filter: rest_UV
ID: 1337

-> Resampling the spectrum according to the aforementioned wavelength range and dispersion for the stack...

-> Trimming the ends of the spectrum that fall outside the new wavelength range...
-> Resampling the spectrum...

Spectres: new_wavs contains values outside the range in spec_wavs, new_fluxes and new_errs will be filled with the value set in the 'fill' keyword argument. 


-> New wavelength, luminosity, and luminosity error (if resampled) arrays will be returned as a 2D array with columns in this respective order.
[[ 1.12000000e+03  0.00000000e+00  0.00000000e+00]
 [ 1.12072560e+03  2.68815416e+70  3.83482201e+69]
 [ 1.12145120e+03  3.23033900e+70  3.35691972e+69]
 ...
 [ 1.63880400e+03  1.21316625e+71  4.88898898e+70]
 [ 1.63952960e+03 -6.49445967e+70  5.49295755e+70]
 [ 1.64025520e+03  0.00000000e+00  0.00000000e+00]]

A1689_1.rest_UV.1337.resampled_noDC.txt written!



The length is 24
--> Considering A1689_1.rest_UV.1467.rest-frame.lum.norm-lum.not-resampled.txt for resampling:

A1689_1.rest_UV.1467.rest-frame.lum.norm-lum.not-resampled.txt
<class 'str'>
Mask: A1689_1
Filter: rest_UV
ID: 1467

-> Resampling the spectrum according to the aforementioned wavelength range and dispersion for the stack...

-> Trimming the ends of the spectrum that fall outside the new wavelength range...
-> Resampling the spectrum...

Spectres: new_wavs contains values outside the range in spec_wavs, new_fluxes and new_errs will be filled with the value set in the 'fill' keyword argument. 


-> New wavelength, luminosity, and luminosity error (if resampled) arrays will be returned as a 2D array with columns in this respective order.
[[1.12000000e+03 0.00000000e+00 0.00000000e+00]
 [1.12072560e+03 1.49143112e+71 4.09191719e+70]
 [1.12145120e+03 3.91777749e+70 3.63466243e+70]
 ...
 [1.63880400e+03 6.67851138e+70 2.95158574e+70]
 [1.63952960e+03 2.17313120e+71 3.47693375e+70]
 [1.64025520e+03 0.00000000e+00 0.00000000e+00]]

A1689_1.rest_UV.1467.resampled_noDC.txt written!



The length is 24
--> Considering A1689_1.rest_UV.1637.rest-frame.lum.norm-lum.not-resampled.txt for resampling:

A1689_1.rest_UV.1637.rest-frame.lum.norm-lum.not-resampled.txt
<class 'str'>
Mask: A1689_1
Filter: rest_UV
ID: 1637

-> Resampling the spectrum according to the aforementioned wavelength range and dispersion for the stack...

-> Trimming the ends of the spectrum that fall outside the new wavelength range...
-> Resampling the spectrum...

Spectres: new_wavs contains values outside the range in spec_wavs, new_fluxes and new_errs will be filled with the value set in the 'fill' keyword argument. 


-> New wavelength, luminosity, and luminosity error (if resampled) arrays will be returned as a 2D array with columns in this respective order.
[[1.12000000e+03 0.00000000e+00 0.00000000e+00]
 [1.12072560e+03 1.68302668e+70 2.63596488e+69]
 [1.12145120e+03 9.36204556e+69 2.71521070e+69]
 ...
 [1.63880400e+03 4.53796328e+69 1.59048644e+69]
 [1.63952960e+03 1.05608056e+70 1.61085488e+69]
 [1.64025520e+03 0.00000000e+00 0.00000000e+00]]

A1689_1.rest_UV.1637.resampled_noDC.txt written!



The length is 24
--> Considering A1689_1.rest_UV.1689.rest-frame.lum.norm-lum.not-resampled.txt for resampling:

A1689_1.rest_UV.1689.rest-frame.lum.norm-lum.not-resampled.txt
<class 'str'>
Mask: A1689_1
Filter: rest_UV
ID: 1689

-> Resampling the spectrum according to the aforementioned wavelength range and dispersion for the stack...

-> Trimming the ends of the spectrum that fall outside the new wavelength range...
-> Resampling the spectrum...

Spectres: new_wavs contains values outside the range in spec_wavs, new_fluxes and new_errs will be filled with the value set in the 'fill' keyword argument. 


-> New wavelength, luminosity, and luminosity error (if resampled) arrays will be returned as a 2D array with columns in this respective order.
[[ 1.12000000e+03  0.00000000e+00  0.00000000e+00]
 [ 1.12072560e+03  3.31109284e+69  7.66915336e+69]
 [ 1.12145120e+03 -1.86732408e+70  7.76233477e+69]
 ...
 [ 1.63880400e+03  1.06966107e+70  8.32650578e+69]
 [ 1.63952960e+03  2.20811584e+70  8.01731245e+69]
 [ 1.64025520e+03  0.00000000e+00  0.00000000e+00]]

A1689_1.rest_UV.1689.resampled_noDC.txt written!



The length is 24
--> Considering A1689_1.rest_UV.1721.rest-frame.lum.norm-lum.not-resampled.txt for resampling:

A1689_1.rest_UV.1721.rest-frame.lum.norm-lum.not-resampled.txt
<class 'str'>
Mask: A1689_1
Filter: rest_UV
ID: 1721

-> Resampling the spectrum according to the aforementioned wavelength range and dispersion for the stack...

-> Trimming the ends of the spectrum that fall outside the new wavelength range...
-> Resampling the spectrum...

Spectres: new_wavs contains values outside the range in spec_wavs, new_fluxes and new_errs will be filled with the value set in the 'fill' keyword argument. 


-> New wavelength, luminosity, and luminosity error (if resampled) arrays will be returned as a 2D array with columns in this respective order.
[[1.12000000e+03 0.00000000e+00 0.00000000e+00]
 [1.12072560e+03 1.55543320e+70 7.26060444e+69]
 [1.12145120e+03 2.14100418e+70 7.47595855e+69]
 ...
 [1.63880400e+03 1.19976677e+69 3.63973608e+69]
 [1.63952960e+03 3.46221541e+68 3.54060346e+69]
 [1.64025520e+03 0.00000000e+00 0.00000000e+00]]

A1689_1.rest_UV.1721.resampled_noDC.txt written!



The length is 24
--> Considering A1689_1.rest_UV.1751.rest-frame.lum.norm-lum.not-resampled.txt for resampling:

A1689_1.rest_UV.1751.rest-frame.lum.norm-lum.not-resampled.txt
<class 'str'>
Mask: A1689_1
Filter: rest_UV
ID: 1751

-> Resampling the spectrum according to the aforementioned wavelength range and dispersion for the stack...

-> Trimming the ends of the spectrum that fall outside the new wavelength range...
-> Resampling the spectrum...

Spectres: new_wavs contains values outside the range in spec_wavs, new_fluxes and new_errs will be filled with the value set in the 'fill' keyword argument. 


-> New wavelength, luminosity, and luminosity error (if resampled) arrays will be returned as a 2D array with columns in this respective order.
[[1.12000000e+03 0.00000000e+00 0.00000000e+00]
 [1.12072560e+03 1.69671497e+70 1.90222349e+69]
 [1.12145120e+03 1.73676235e+70 1.79426276e+69]
 ...
 [1.63880400e+03 1.96592709e+70 2.07615901e+69]
 [1.63952960e+03 2.09462600e+70 2.30239840e+69]
 [1.64025520e+03 0.00000000e+00 0.00000000e+00]]

A1689_1.rest_UV.1751.resampled_noDC.txt written!



The length is 24
--> Considering A1689_1.rest_UV.1829.rest-frame.lum.norm-lum.not-resampled.txt for resampling:

A1689_1.rest_UV.1829.rest-frame.lum.norm-lum.not-resampled.txt
<class 'str'>
Mask: A1689_1
Filter: rest_UV
ID: 1829

-> Resampling the spectrum according to the aforementioned wavelength range and dispersion for the stack...

-> Trimming the ends of the spectrum that fall outside the new wavelength range...
-> Resampling the spectrum...

Spectres: new_wavs contains values outside the range in spec_wavs, new_fluxes and new_errs will be filled with the value set in the 'fill' keyword argument. 


-> New wavelength, luminosity, and luminosity error (if resampled) arrays will be returned as a 2D array with columns in this respective order.
[[ 1.12000000e+03  0.00000000e+00  0.00000000e+00]
 [ 1.12072560e+03  1.10036238e+71  2.80728287e+70]
 [ 1.12145120e+03 -2.69751395e+70  2.73846522e+70]
 ...
 [ 1.63880400e+03 -3.48236969e+70  2.58199032e+70]
 [ 1.63952960e+03  2.46339644e+71  2.81911840e+70]
 [ 1.64025520e+03  0.00000000e+00  0.00000000e+00]]

A1689_1.rest_UV.1829.resampled_noDC.txt written!



The length is 24
--> Considering A1689_1.rest_UV.2067.rest-frame.lum.norm-lum.not-resampled.txt for resampling:

A1689_1.rest_UV.2067.rest-frame.lum.norm-lum.not-resampled.txt
<class 'str'>
Mask: A1689_1
Filter: rest_UV
ID: 2067

-> Resampling the spectrum according to the aforementioned wavelength range and dispersion for the stack...

-> Trimming the ends of the spectrum that fall outside the new wavelength range...
-> Resampling the spectrum...

Spectres: new_wavs contains values outside the range in spec_wavs, new_fluxes and new_errs will be filled with the value set in the 'fill' keyword argument. 


-> New wavelength, luminosity, and luminosity error (if resampled) arrays will be returned as a 2D array with columns in this respective order.
[[1.12000000e+03 0.00000000e+00 0.00000000e+00]
 [1.12072560e+03 4.30001646e+70 2.31315548e+69]
 [1.12145120e+03 3.05603427e+70 2.07859460e+69]
 ...
 [1.63880400e+03 1.61512192e+70 1.66703313e+69]
 [1.63952960e+03 1.29918260e+70 1.77076882e+69]
 [1.64025520e+03 0.00000000e+00 0.00000000e+00]]

A1689_1.rest_UV.2067.resampled_noDC.txt written!



The length is 24
--> Considering A1689_1.rest_UV.257.rest-frame.lum.norm-lum.not-resampled.txt for resampling:

A1689_1.rest_UV.257.rest-frame.lum.norm-lum.not-resampled.txt
<class 'str'>
Mask: A1689_1
Filter: rest_UV
ID: 257

-> Resampling the spectrum according to the aforementioned wavelength range and dispersion for the stack...

-> Trimming the ends of the spectrum that fall outside the new wavelength range...
-> Resampling the spectrum...

Spectres: new_wavs contains values outside the range in spec_wavs, new_fluxes and new_errs will be filled with the value set in the 'fill' keyword argument. 


-> New wavelength, luminosity, and luminosity error (if resampled) arrays will be returned as a 2D array with columns in this respective order.
[[1.12000000e+03 0.00000000e+00 0.00000000e+00]
 [1.12072560e+03 3.13668951e+71 1.33054063e+71]
 [1.12145120e+03 3.36624953e+70 1.05520403e+71]
 ...
 [1.63880400e+03 9.15207613e+69 9.34755127e+68]
 [1.63952960e+03 1.08896579e+70 1.04229925e+69]
 [1.64025520e+03 0.00000000e+00 0.00000000e+00]]

A1689_1.rest_UV.257.resampled_noDC.txt written!



The length is 24
--> Considering A1689_1.rest_UV.2698.rest-frame.lum.norm-lum.not-resampled.txt for resampling:

A1689_1.rest_UV.2698.rest-frame.lum.norm-lum.not-resampled.txt
<class 'str'>
Mask: A1689_1
Filter: rest_UV
ID: 2698

-> Resampling the spectrum according to the aforementioned wavelength range and dispersion for the stack...

-> Trimming the ends of the spectrum that fall outside the new wavelength range...
-> Resampling the spectrum...

Spectres: new_wavs contains values outside the range in spec_wavs, new_fluxes and new_errs will be filled with the value set in the 'fill' keyword argument. 


-> New wavelength, luminosity, and luminosity error (if resampled) arrays will be returned as a 2D array with columns in this respective order.
[[ 1.12000000e+03  0.00000000e+00  0.00000000e+00]
 [ 1.12072560e+03 -1.80346411e+69  6.31321522e+69]
 [ 1.12145120e+03  1.20336448e+70  5.77353517e+69]
 ...
 [ 1.63880400e+03  3.59412046e+69  4.91631376e+69]
 [ 1.63952960e+03 -1.57792176e+69  4.58248497e+69]
 [ 1.64025520e+03  0.00000000e+00  0.00000000e+00]]

A1689_1.rest_UV.2698.resampled_noDC.txt written!



The length is 24
--> Considering A1689_1.rest_UV.280.rest-frame.lum.norm-lum.not-resampled.txt for resampling:

A1689_1.rest_UV.280.rest-frame.lum.norm-lum.not-resampled.txt
<class 'str'>
Mask: A1689_1
Filter: rest_UV
ID: 280

-> Resampling the spectrum according to the aforementioned wavelength range and dispersion for the stack...

-> Trimming the ends of the spectrum that fall outside the new wavelength range...
-> Resampling the spectrum...

Spectres: new_wavs contains values outside the range in spec_wavs, new_fluxes and new_errs will be filled with the value set in the 'fill' keyword argument. 


-> New wavelength, luminosity, and luminosity error (if resampled) arrays will be returned as a 2D array with columns in this respective order.
[[ 1.12000000e+03  0.00000000e+00  0.00000000e+00]
 [ 1.12072560e+03 -2.33905496e+69  2.27474423e+70]
 [ 1.12145120e+03 -2.20902914e+70  2.16304361e+70]
 ...
 [ 1.63880400e+03  5.16850877e+69  3.40891372e+68]
 [ 1.63952960e+03  4.89531650e+69  3.02287458e+68]
 [ 1.64025520e+03  0.00000000e+00  0.00000000e+00]]

A1689_1.rest_UV.280.resampled_noDC.txt written!



The length is 24
--> Considering A1689_1.rest_UV.2821.rest-frame.lum.norm-lum.not-resampled.txt for resampling:

A1689_1.rest_UV.2821.rest-frame.lum.norm-lum.not-resampled.txt
<class 'str'>
Mask: A1689_1
Filter: rest_UV
ID: 2821

-> Resampling the spectrum according to the aforementioned wavelength range and dispersion for the stack...

-> Trimming the ends of the spectrum that fall outside the new wavelength range...
-> Resampling the spectrum...

Spectres: new_wavs contains values outside the range in spec_wavs, new_fluxes and new_errs will be filled with the value set in the 'fill' keyword argument. 


-> New wavelength, luminosity, and luminosity error (if resampled) arrays will be returned as a 2D array with columns in this respective order.
[[1.12000000e+03 0.00000000e+00 0.00000000e+00]
 [1.12072560e+03 3.43393099e+70 5.60601603e+69]
 [1.12145120e+03 2.22485107e+70 5.43074207e+69]
 ...
 [1.63880400e+03 1.06900333e+70 4.51203018e+69]
 [1.63952960e+03 1.19762920e+70 4.55919568e+69]
 [1.64025520e+03 0.00000000e+00 0.00000000e+00]]

A1689_1.rest_UV.2821.resampled_noDC.txt written!



The length is 24
--> Considering A1689_1.rest_UV.30003.rest-frame.lum.norm-lum.not-resampled.txt for resampling:

A1689_1.rest_UV.30003.rest-frame.lum.norm-lum.not-resampled.txt
<class 'str'>
Mask: A1689_1
Filter: rest_UV
ID: 30003

-> Resampling the spectrum according to the aforementioned wavelength range and dispersion for the stack...

-> Trimming the ends of the spectrum that fall outside the new wavelength range...
-> Resampling the spectrum...

Spectres: new_wavs contains values outside the range in spec_wavs, new_fluxes and new_errs will be filled with the value set in the 'fill' keyword argument. 


-> New wavelength, luminosity, and luminosity error (if resampled) arrays will be returned as a 2D array with columns in this respective order.
[[1.12000000e+03 0.00000000e+00 0.00000000e+00]
 [1.12072560e+03 2.63814810e+70 8.23689562e+69]
 [1.12145120e+03 1.77134846e+70 7.52473208e+69]
 ...
 [1.63880400e+03 7.72679406e+69 1.08768762e+69]
 [1.63952960e+03 1.38903897e+70 1.09329990e+69]
 [1.64025520e+03 0.00000000e+00 0.00000000e+00]]

A1689_1.rest_UV.30003.resampled_noDC.txt written!



The length is 24
--> Considering A1689_1.rest_UV.345.rest-frame.lum.norm-lum.not-resampled.txt for resampling:

A1689_1.rest_UV.345.rest-frame.lum.norm-lum.not-resampled.txt
<class 'str'>
Mask: A1689_1
Filter: rest_UV
ID: 345

-> Resampling the spectrum according to the aforementioned wavelength range and dispersion for the stack...

-> Trimming the ends of the spectrum that fall outside the new wavelength range...
-> Resampling the spectrum...

Spectres: new_wavs contains values outside the range in spec_wavs, new_fluxes and new_errs will be filled with the value set in the 'fill' keyword argument. 


-> New wavelength, luminosity, and luminosity error (if resampled) arrays will be returned as a 2D array with columns in this respective order.
[[1.12000000e+03 0.00000000e+00 0.00000000e+00]
 [1.12072560e+03 3.92041173e+70 7.60224242e+69]
 [1.12145120e+03 4.07566661e+70 7.43517382e+69]
 ...
 [1.63880400e+03 7.25763230e+69 2.52884824e+69]
 [1.63952960e+03 7.92298942e+69 2.49844350e+69]
 [1.64025520e+03 0.00000000e+00 0.00000000e+00]]

A1689_1.rest_UV.345.resampled_noDC.txt written!



The length is 24
--> Considering A1689_1.rest_UV.40011.rest-frame.lum.norm-lum.not-resampled.txt for resampling:

A1689_1.rest_UV.40011.rest-frame.lum.norm-lum.not-resampled.txt
<class 'str'>
Mask: A1689_1
Filter: rest_UV
ID: 40011

-> Resampling the spectrum according to the aforementioned wavelength range and dispersion for the stack...

-> Trimming the ends of the spectrum that fall outside the new wavelength range...
-> Resampling the spectrum...

Spectres: new_wavs contains values outside the range in spec_wavs, new_fluxes and new_errs will be filled with the value set in the 'fill' keyword argument. 


-> New wavelength, luminosity, and luminosity error (if resampled) arrays will be returned as a 2D array with columns in this respective order.
[[ 1.12000000e+03  0.00000000e+00  0.00000000e+00]
 [ 1.12072560e+03  3.86726817e+70  6.56924312e+69]
 [ 1.12145120e+03 -3.78971002e+69  5.91414817e+69]
 ...
 [ 1.63880400e+03 -1.89537602e+70  5.73997906e+69]
 [ 1.63952960e+03 -1.08417000e+70  3.12359199e+69]
 [ 1.64025520e+03  0.00000000e+00  0.00000000e+00]]

A1689_1.rest_UV.40011.resampled_noDC.txt written!



The length is 24
--> Considering A1689_1.rest_UV.470.rest-frame.lum.norm-lum.not-resampled.txt for resampling:

A1689_1.rest_UV.470.rest-frame.lum.norm-lum.not-resampled.txt
<class 'str'>
Mask: A1689_1
Filter: rest_UV
ID: 470

-> Resampling the spectrum according to the aforementioned wavelength range and dispersion for the stack...

-> Trimming the ends of the spectrum that fall outside the new wavelength range...
-> Resampling the spectrum...

Spectres: new_wavs contains values outside the range in spec_wavs, new_fluxes and new_errs will be filled with the value set in the 'fill' keyword argument. 


-> New wavelength, luminosity, and luminosity error (if resampled) arrays will be returned as a 2D array with columns in this respective order.
[[ 1.12000000e+03  0.00000000e+00  0.00000000e+00]
 [ 1.12072560e+03 -8.10015836e+68  7.65108342e+69]
 [ 1.12145120e+03  3.44047779e+70  8.76828377e+69]
 ...
 [ 1.63880400e+03 -3.04997071e+70  7.78561337e+70]
 [ 1.63952960e+03 -5.78598007e+70  7.54564504e+70]
 [ 1.64025520e+03  0.00000000e+00  0.00000000e+00]]

A1689_1.rest_UV.470.resampled_noDC.txt written!



The length is 24
--> Considering A1689_1.rest_UV.523.rest-frame.lum.norm-lum.not-resampled.txt for resampling:

A1689_1.rest_UV.523.rest-frame.lum.norm-lum.not-resampled.txt
<class 'str'>
Mask: A1689_1
Filter: rest_UV
ID: 523

-> Resampling the spectrum according to the aforementioned wavelength range and dispersion for the stack...

-> Trimming the ends of the spectrum that fall outside the new wavelength range...
-> Resampling the spectrum...

Spectres: new_wavs contains values outside the range in spec_wavs, new_fluxes and new_errs will be filled with the value set in the 'fill' keyword argument. 


-> New wavelength, luminosity, and luminosity error (if resampled) arrays will be returned as a 2D array with columns in this respective order.
[[ 1.12000000e+03  0.00000000e+00  0.00000000e+00]
 [ 1.12072560e+03  7.11155186e+69  2.21145250e+69]
 [ 1.12145120e+03  1.66373707e+69  2.19302071e+69]
 ...
 [ 1.63880400e+03 -1.80068962e+71  3.21511361e+70]
 [ 1.63952960e+03 -1.97979670e+71  2.87782895e+70]
 [ 1.64025520e+03  0.00000000e+00  0.00000000e+00]]

A1689_1.rest_UV.523.resampled_noDC.txt written!



The length is 24
--> Considering A1689_1.rest_UV.537.rest-frame.lum.norm-lum.not-resampled.txt for resampling:

A1689_1.rest_UV.537.rest-frame.lum.norm-lum.not-resampled.txt
<class 'str'>
Mask: A1689_1
Filter: rest_UV
ID: 537

-> Resampling the spectrum according to the aforementioned wavelength range and dispersion for the stack...

-> Trimming the ends of the spectrum that fall outside the new wavelength range...
-> Resampling the spectrum...

Spectres: new_wavs contains values outside the range in spec_wavs, new_fluxes and new_errs will be filled with the value set in the 'fill' keyword argument. 


-> New wavelength, luminosity, and luminosity error (if resampled) arrays will be returned as a 2D array with columns in this respective order.
[[ 1.12000000e+03  0.00000000e+00  0.00000000e+00]
 [ 1.12072560e+03  2.73273445e+70  5.28649930e+69]
 [ 1.12145120e+03  2.42447457e+70  5.28488117e+69]
 ...
 [ 1.63880400e+03 -6.76587646e+70  5.22501325e+70]
 [ 1.63952960e+03  6.09000974e+70  5.69872338e+70]
 [ 1.64025520e+03  0.00000000e+00  0.00000000e+00]]

A1689_1.rest_UV.537.resampled_noDC.txt written!



The length is 24
--> Considering A1689_1.rest_UV.539.rest-frame.lum.norm-lum.not-resampled.txt for resampling:

A1689_1.rest_UV.539.rest-frame.lum.norm-lum.not-resampled.txt
<class 'str'>
Mask: A1689_1
Filter: rest_UV
ID: 539

-> Resampling the spectrum according to the aforementioned wavelength range and dispersion for the stack...

-> Trimming the ends of the spectrum that fall outside the new wavelength range...
-> Resampling the spectrum...

Spectres: new_wavs contains values outside the range in spec_wavs, new_fluxes and new_errs will be filled with the value set in the 'fill' keyword argument. 


-> New wavelength, luminosity, and luminosity error (if resampled) arrays will be returned as a 2D array with columns in this respective order.
[[ 1.12000000e+03  0.00000000e+00  0.00000000e+00]
 [ 1.12072560e+03  1.29259533e+70  5.11861473e+69]
 [ 1.12145120e+03  3.06331913e+70  5.33297476e+69]
 ...
 [ 1.63880400e+03 -3.12063982e+71  2.06971075e+71]
 [ 1.63952960e+03 -3.71131424e+70  2.12947066e+71]
 [ 1.64025520e+03  0.00000000e+00  0.00000000e+00]]

A1689_1.rest_UV.539.resampled_noDC.txt written!



resampled_normalized_spectra.pdf written!



--> Stacking the spectra and finalizing the stacks...

-> Combining all of the resampled spectra into one stack via a(n) weighted-average ...

-> Multiplying the stacked spectrum by the sample's weighted-average continuum luminosity density at 1700 Angstroms...
This sample value is: 3.366483410921492e-30
 +/- 1.7567388700536332e-32


[0.00000000e+00 1.97870304e+70 1.68091757e+70 1.45481094e+70
 1.58974628e+70 1.97458941e+70 2.37890098e+70 1.98742500e+70
 1.61435889e+70 2.21391988e+70 1.78567900e+70 1.50571099e+70
 1.62358082e+70 1.98419589e+70 2.12931593e+70 2.23214939e+70
 2.41464341e+70 2.21423845e+70 2.01243642e+70 1.45826177e+70
 1.41884599e+70 2.25905663e+70 2.04161221e+70 2.08088324e+70
 2.00473799e+70 2.03613370e+70 1.70835548e+70 1.84623576e+70
 1.74523316e+70 1.28760108e+70 1.57016131e+70 1.68960716e+70
 1.52676733e+70 1.25402127e+70 1.71351273e+70 1.70368546e+70
 1.56236136e+70 1.74646171e+70 1.89560812e+70 1.92164664e+70
 1.78189797e+70 1.90013690e+70 1.99986169e+70 1.95921868e+70
 1.88629669e+70 2.01602809e+70 1.62858939e+70 1.59417343e+70
 1.70346788e+70 1.78416798e+70 1.48816092e+70 1.29695133e+70
 1.67886527e+70 1.69490610e+70 1.67996240e+70 1.77419717e+70
 1.60975665e+70 1.70454279e+70 1.59133216e+70 1.49101709e+70
 1.68453021e+70 1.79742221e+70 1.77697158e+70 1.49281678e+70
 1.46196124e+70 1.52557558e+70 1.40691791e+70 1.48339696e+70
 1.36141463e+70 1.53218177e+70 1.65073551e+70 1.72274080e+70
 1.53082633e+70 1.30303051e+70 1.17800674e+70 1.17002042e+70
 9.09761527e+69 8.43262807e+69 9.57998175e+69 9.78262396e+69
 1.22773988e+70 1.26606069e+70 1.32068589e+70 1.35843775e+70
 1.39253915e+70 1.30827967e+70 1.04798113e+70 1.09714059e+70
 1.01400738e+70 1.06224589e+70 1.11116829e+70 1.19698545e+70
 1.20608515e+70 1.14199764e+70 1.27091432e+70 1.18457165e+70
 9.70231266e+69 8.65846517e+69 7.40174803e+69 7.61080735e+69
 9.06466925e+69 9.21651646e+69 1.26422662e+70 1.42129305e+70
 1.37034248e+70 1.41695007e+70 1.27718398e+70 1.16715187e+70
 9.96098527e+69 9.03786790e+69 8.97158796e+69 9.46660817e+69
 9.68540539e+69 9.17468018e+69 7.89149092e+69 8.13478066e+69
 7.68024612e+69 7.08271979e+69 5.68661945e+69 4.36834200e+69
 6.55436468e+69 7.17006351e+69 7.56398182e+69 7.36968738e+69
 8.02226214e+69 7.63706106e+69 7.49505538e+69 8.56206729e+69
 1.16824843e+70 1.59076725e+70 2.48959855e+70 3.81823482e+70
 5.16174399e+70 5.97266788e+70 5.64778587e+70 4.33130588e+70
 2.84937804e+70 1.59486007e+70 1.03775279e+70 8.89699446e+69
 8.38081459e+69 8.86095567e+69 8.69845482e+69 8.95064481e+69
 8.64279203e+69 8.77153073e+69 1.04038215e+70 1.08167311e+70
 9.73114158e+69 9.36467491e+69 9.69216523e+69 8.54557822e+69
 9.57444068e+69 9.55393019e+69 9.21692936e+69 9.38299679e+69
 1.03460097e+70 9.48606688e+69 8.69669254e+69 8.93431446e+69
 8.67618506e+69 8.84788695e+69 9.17124509e+69 8.76950592e+69
 8.70902314e+69 9.19908471e+69 1.01526863e+70 1.01172803e+70
 1.05779269e+70 1.23644029e+70 1.28602709e+70 1.27531681e+70
 1.21951146e+70 1.16497855e+70 1.13693452e+70 1.12040068e+70
 1.18842540e+70 1.30474822e+70 1.27461467e+70 1.19089401e+70
 1.13915709e+70 1.17670268e+70 1.18531745e+70 1.13079361e+70
 1.03928330e+70 1.03223724e+70 1.07929185e+70 1.17179282e+70
 1.15511229e+70 1.07564478e+70 1.06561759e+70 9.76312334e+69
 8.46055722e+69 8.20204957e+69 9.09540388e+69 9.80249974e+69
 1.06123421e+70 1.03354597e+70 1.06152751e+70 1.15997494e+70
 1.16639903e+70 1.11149871e+70 1.15167203e+70 1.13107223e+70
 1.11938531e+70 1.17084533e+70 1.17523657e+70 1.15139349e+70
 1.11659989e+70 1.18104270e+70 1.20227048e+70 1.19453566e+70
 1.08351132e+70 9.98866025e+69 1.03594112e+70 1.17262715e+70
 1.13742457e+70 1.12875101e+70 1.17469434e+70 1.20194704e+70
 1.16594862e+70 1.11857374e+70 1.10307315e+70 1.10926678e+70
 1.17099508e+70 1.15443359e+70 1.11549096e+70 1.09771698e+70
 1.04885067e+70 1.01374094e+70 1.05891235e+70 1.11720256e+70
 1.13989778e+70 1.20326811e+70 1.15388759e+70 1.13990656e+70
 1.11494188e+70 1.10770849e+70 1.03474381e+70 9.84653517e+69
 9.63168232e+69 9.16293207e+69 8.75748638e+69 9.48352552e+69
 9.64487709e+69 9.06620816e+69 9.33104160e+69 9.25616265e+69
 8.92255574e+69 8.19992008e+69 7.84592184e+69 7.23285982e+69
 7.55790509e+69 7.50064286e+69 8.53009151e+69 9.67727116e+69
 1.14864292e+70 1.18692927e+70 1.10247314e+70 1.12801218e+70
 1.16086036e+70 1.12083070e+70 1.15232069e+70 1.12235609e+70
 1.06689546e+70 1.06661584e+70 1.03007255e+70 9.90624571e+69
 1.03368939e+70 1.07326478e+70 1.03464868e+70 1.02280279e+70
 9.66843849e+69 1.00164563e+70 1.08446541e+70 1.05886812e+70
 1.02321401e+70 9.41840013e+69 9.36036848e+69 8.98707886e+69
 9.50436256e+69 9.93603016e+69 9.69869061e+69 9.39620354e+69
 8.79156106e+69 9.15468517e+69 8.99640564e+69 8.54771298e+69
 8.09768831e+69 8.10546187e+69 8.14717160e+69 8.16659987e+69
 8.18936533e+69 7.92804034e+69 7.30125498e+69 6.83224548e+69
 7.27588888e+69 8.19022359e+69 9.03958003e+69 9.61521692e+69
 9.34606958e+69 9.15336863e+69 1.03865626e+70 1.08988914e+70
 1.01650341e+70 9.36790121e+69 8.72708296e+69 9.12790426e+69
 8.82139285e+69 8.62375446e+69 8.64941475e+69 9.07575462e+69
 8.99315963e+69 9.58155036e+69 1.02522767e+70 9.81235868e+69
 1.00077197e+70 9.43410364e+69 8.87427108e+69 9.06691995e+69
 9.31955275e+69 9.61255843e+69 9.94838770e+69 9.79188223e+69
 9.62979465e+69 1.01348093e+70 9.97833136e+69 9.81810851e+69
 9.68696771e+69 9.27128005e+69 9.26180081e+69 9.33573059e+69
 9.23759299e+69 8.66502740e+69 8.75897064e+69 8.83796663e+69
 8.57329820e+69 8.15319161e+69 7.96492522e+69 8.12258652e+69
 8.96335577e+69 9.23854290e+69 9.31256192e+69 9.18442549e+69
 8.48228338e+69 8.73951027e+69 8.84111111e+69 9.23735091e+69
 9.32974926e+69 9.25006371e+69 9.37446491e+69 9.45524038e+69
 9.14922644e+69 9.10515788e+69 9.83757400e+69 9.76481043e+69
 9.70517001e+69 9.45019466e+69 9.21258733e+69 9.23281446e+69
 9.45600479e+69 9.79828942e+69 9.38781305e+69 8.99093444e+69
 8.83028208e+69 9.37803894e+69 9.24780082e+69 8.19053827e+69
 8.32754967e+69 8.20450756e+69 7.97058762e+69 8.11856014e+69
 8.53203298e+69 8.65706013e+69 7.49986255e+69 6.37269601e+69
 5.27550219e+69 5.29811107e+69 5.83101054e+69 6.59307014e+69
 7.25290540e+69 8.23557535e+69 8.85527556e+69 8.56663757e+69
 8.52853836e+69 8.24437551e+69 8.35928910e+69 7.74629726e+69
 6.91736317e+69 6.72509724e+69 7.15105078e+69 7.76933493e+69
 8.30703748e+69 8.74466529e+69 8.74327685e+69 8.84192241e+69
 8.66553742e+69 8.35735102e+69 8.04945548e+69 8.19976624e+69
 8.31897984e+69 8.39679107e+69 8.65797792e+69 8.53578362e+69
 8.26200123e+69 8.51471381e+69 8.57239685e+69 8.50837771e+69
 7.77969020e+69 7.48263560e+69 7.40956839e+69 7.67894875e+69
 8.16262688e+69 8.03427265e+69 7.83496567e+69 8.04754854e+69
 8.35356404e+69 8.07912453e+69 8.00717079e+69 8.06119344e+69
 8.06543652e+69 8.31019467e+69 7.99930446e+69 7.63522292e+69
 8.10421143e+69 8.21309239e+69 8.52969261e+69 8.14453195e+69
 7.99426733e+69 8.03218745e+69 8.14710645e+69 7.89122428e+69
 7.53494431e+69 7.54624632e+69 7.85028923e+69 8.01883129e+69
 8.04675539e+69 8.10175849e+69 7.90500786e+69 7.72848652e+69
 7.35648606e+69 7.46257918e+69 7.74247464e+69 8.08436959e+69
 7.95757200e+69 8.58655067e+69 8.36126458e+69 8.14405144e+69
 7.64828453e+69 7.55630781e+69 7.74662254e+69 7.90912212e+69
 7.81959280e+69 8.18558296e+69 8.36414327e+69 8.03277010e+69
 7.92579114e+69 7.99344741e+69 7.60380446e+69 7.08733933e+69
 6.90126321e+69 6.98737992e+69 6.91082590e+69 7.23996063e+69
 7.58274393e+69 8.07821570e+69 8.41735892e+69 8.13816699e+69
 7.51643936e+69 7.36216704e+69 7.36253012e+69 7.44943548e+69
 7.75819486e+69 8.14874005e+69 8.21483482e+69 7.86879895e+69
 7.63114547e+69 7.31963050e+69 6.65071101e+69 6.44406934e+69
 6.83009862e+69 7.00350721e+69 6.96291187e+69 7.40102088e+69
 7.70318297e+69 7.41624497e+69 7.47404660e+69 7.55790800e+69
 7.84679418e+69 7.53930436e+69 7.07251645e+69 7.35305269e+69
 7.43531974e+69 7.39340539e+69 7.64326787e+69 7.35651255e+69
 8.09273321e+69 7.65164182e+69 7.64599791e+69 7.27329384e+69
 7.44950357e+69 7.59840757e+69 7.82298094e+69 7.66039218e+69
 8.12335172e+69 8.12715311e+69 8.27848420e+69 7.93691140e+69
 7.78190467e+69 7.61908127e+69 7.65102564e+69 7.95218329e+69
 7.83067467e+69 7.88589170e+69 7.73939951e+69 7.67179143e+69
 7.58842685e+69 7.72100316e+69 7.08588849e+69 7.07743993e+69
 7.71969324e+69 7.43169039e+69 7.08969930e+69 7.00968356e+69
 7.17564288e+69 7.34520203e+69 7.24590773e+69 7.06197056e+69
 7.37964332e+69 7.41040167e+69 7.14329886e+69 6.82457747e+69
 6.45877248e+69 7.09112370e+69 7.29588709e+69 7.12641702e+69
 7.24716224e+69 7.37942389e+69 6.95292581e+69 6.27246521e+69
 6.12356375e+69 6.30479359e+69 6.55814800e+69 7.19755618e+69
 7.37543859e+69 7.51050298e+69 7.50614102e+69 7.06466994e+69
 6.60187789e+69 6.60275763e+69 6.59570035e+69 6.55660561e+69
 6.78423400e+69 6.91224858e+69 7.24784114e+69 7.24111390e+69
 6.77047989e+69 6.57778043e+69 5.91194668e+69 5.06101191e+69
 4.81854577e+69 4.87598434e+69 5.45375841e+69 6.32250766e+69
 7.03604273e+69 6.97662101e+69 6.32455852e+69 6.09187451e+69
 6.48499573e+69 6.52829200e+69 6.12317354e+69 5.91655827e+69
 6.12369969e+69 6.15591949e+69 6.04421682e+69 6.11605826e+69
 5.63868536e+69 5.24099729e+69 5.46786650e+69 5.45018079e+69
 5.38440101e+69 5.38463456e+69 5.87739644e+69 6.29237691e+69
 5.89749340e+69 5.32539238e+69 5.28559043e+69 5.00051816e+69
 4.74932824e+69 4.97908102e+69 5.26735975e+69 5.41280504e+69
 5.72328126e+69 6.07650987e+69 6.54555051e+69 7.05226196e+69
 7.23619879e+69 6.96719972e+69 6.81939893e+69 6.73973349e+69
 6.87602284e+69 6.93278622e+69 6.63690676e+69 6.72335032e+69
 6.96417652e+69 6.92775617e+69 6.72077431e+69 6.38568149e+69
 5.98798453e+69 5.75785457e+69 5.71138610e+69 5.78039249e+69
 5.77025617e+69 6.23677491e+69 6.77992764e+69 6.74204881e+69
 6.79609604e+69 6.36679330e+69 5.81574002e+69 5.45479065e+69
 5.31078194e+69 5.77526127e+69 6.29786738e+69 6.47428850e+69
 6.54530712e+69 6.57305232e+69 6.51413874e+69 6.23642796e+69
 5.98752453e+69 5.96495995e+69 5.83176997e+69 5.54425184e+69
 6.14233098e+69 6.43930433e+69 6.48842253e+69 6.51924659e+69
 6.53111018e+69 6.30971592e+69 6.32934250e+69 5.74439355e+69
 5.24005609e+69 5.43467433e+69 6.07412242e+69 6.32219086e+69
 6.44331182e+69 6.58159180e+69 6.28011672e+69 6.14164913e+69
 5.72349058e+69 5.59084090e+69 5.30418144e+69 5.37831713e+69
 5.85181504e+69 6.69364458e+69 6.67532207e+69 6.51274272e+69
 6.33826810e+69 5.81972315e+69 6.02894118e+69 5.55355476e+69
 5.36641364e+69 5.70050149e+69 5.89350922e+69 5.70930048e+69
 5.91925996e+69 6.42882771e+69 6.32423807e+69 6.03709107e+69
 5.61680861e+69 5.28391289e+69 5.46039983e+69 5.57782190e+69
 5.55738033e+69 5.64406128e+69 5.85125514e+69 6.07663353e+69
 5.91048572e+69 5.67072583e+69 5.78307378e+69 5.80833623e+69
 5.83156508e+69 5.91125617e+69 6.12489890e+69 6.12441334e+69
 6.23938348e+69 6.14247638e+69 6.08870972e+69 6.21339444e+69
 5.82563985e+69 5.60479565e+69 5.08034509e+69 5.51427023e+69
 6.06504395e+69 5.88463581e+69 6.06351269e+69 6.27014056e+69
 6.25336300e+69 6.09386533e+69 5.89289983e+69 5.96501609e+69
 6.10519423e+69 6.00616855e+69 6.18595180e+69 6.22918858e+69
 6.04730861e+69 6.06720954e+69 6.62698339e+69 6.65915742e+69
 6.23121554e+69 6.15479122e+69 5.92870730e+69 5.79082673e+69
 5.89380435e+69 6.52226154e+69 6.63362711e+69 7.15232311e+69
 7.15769887e+69 0.00000000e+00]

stacked_spectrum_LRIS-bands_weighted-average_Lum_Density_noDC.txt written!
stacked_spectrum_LRIS-bands_weighted-average_Lum_Density_noDC_final_step-stacked.txt written!



stacking_spectra_Lum_Density_weighted-average_07-22-2022.log - which logs the terminal output - has been written
and stored in: /Users/chrismac/python/stack_spectra/logfiles/

~~~~~~~~~~~~~~~~~~~~~~~~~~~~~~~~~~~~~~~~~~~~~~~~~~~~~~~~~~~~~~~~~~~~~~~~~~~~~~~~~~~~~~~~~~~~~~~~~~~~



